                              1 ;--------------------------------------------------------
                              2 ; File Created by SDCC : FreeWare ANSI-C Compiler
                              3 ; Version 2.2.1 Sun Feb 02 02:24:34 2020
                              4 
                              5 ;--------------------------------------------------------
                              6 	.module lcc32400
                              7 	
                              8 ;--------------------------------------------------------
                              9 ; Public variables in this module
                             10 ;--------------------------------------------------------
                             11 	.globl _song4
                             12 	.globl _song3
                             13 	.globl _song2
                             14 	.globl _song1
                             15 	.globl _song0
                             16 ;--------------------------------------------------------
                             17 ; Externals used
                             18 ;--------------------------------------------------------
                             19 ;--------------------------------------------------------
                             20 ; special function registers
                             21 ;--------------------------------------------------------
                             22 ;--------------------------------------------------------
                             23 ; special function bits 
                             24 ;--------------------------------------------------------
                             25 ;--------------------------------------------------------
                             26 ; internal ram data
                             27 ;--------------------------------------------------------
                             28 	.area _DATA
   0000                      29 _song_Data::
   0000                      30 	.ds 10
                             31 ;--------------------------------------------------------
                             32 ; overlayable items in internal ram 
                             33 ;--------------------------------------------------------
                             34 	.area _OVERLAY
                             35 ;--------------------------------------------------------
                             36 ; indirectly addressable internal ram data
                             37 ;--------------------------------------------------------
                             38 	.area _ISEG
                             39 ;--------------------------------------------------------
                             40 ; bit data
                             41 ;--------------------------------------------------------
                             42 	.area _BSEG
                             43 ;--------------------------------------------------------
                             44 ; external ram data
                             45 ;--------------------------------------------------------
                             46 	.area _XSEG
                             47 ;--------------------------------------------------------
                             48 ; global & static initialisations
                             49 ;--------------------------------------------------------
                             50 	.area _GSINIT
                             51 	.area _GSFINAL
                             52 	.area _GSINIT
                             53 ;	game/music/badguy.c 348
                             54 ; genAssign (pointer)
   0000 11 00 00             55 	ld	de,#_song_Data + 0
   0003 3E 00                56 	ld	a,#<_song0
   0005 12                   57 	ld	(de),a
   0006 13                   58 	inc	de
   0007 3E 00                59 	ld	a,#>_song0
   0009 12                   60 	ld	(de),a
                             61 ; genPlus
                             62 ; genPlusIncr
   000A 11 02 00             63 	ld	de,#_song_Data + 0 + 2
                             64 ; genAssign (pointer)
   000D 3E 24                65 	ld	a,#<_song1
   000F 12                   66 	ld	(de),a
   0010 13                   67 	inc	de
   0011 3E 01                68 	ld	a,#>_song1
   0013 12                   69 	ld	(de),a
                             70 ; genPlus
                             71 ; genPlusIncr
   0014 11 04 00             72 	ld	de,#_song_Data + 0 + 4
                             73 ; genAssign (pointer)
   0017 3E 45                74 	ld	a,#<_song3
   0019 12                   75 	ld	(de),a
   001A 13                   76 	inc	de
   001B 3E 03                77 	ld	a,#>_song3
   001D 12                   78 	ld	(de),a
                             79 ; genPlus
                             80 ; genPlusIncr
   001E 11 06 00             81 	ld	de,#_song_Data + 0 + 6
                             82 ; genAssign (pointer)
   0021 3E 85                83 	ld	a,#<_song4
   0023 12                   84 	ld	(de),a
   0024 13                   85 	inc	de
   0025 3E 04                86 	ld	a,#>_song4
   0027 12                   87 	ld	(de),a
                             88 ; genPlus
                             89 ; genPlusIncr
   0028 11 08 00             90 	ld	de,#_song_Data + 0 + 8
                             91 ; genAssign (pointer)
   002B 3E 00                92 	ld	a,#0x00
   002D 12                   93 	ld	(de),a
   002E 13                   94 	inc	de
   002F 3E 00                95 	ld	a,#0x00
   0031 12                   96 	ld	(de),a
                             97 ;--------------------------------------------------------
                             98 ; Home
                             99 ;--------------------------------------------------------
                            100 	.area _HOME
                            101 	.area _CODE
                            102 ;--------------------------------------------------------
                            103 ; code
                            104 ;--------------------------------------------------------
                            105 	.area _CODE_2
                            106 	.area _CODE_2
   0000                     107 _song0:
   0000 00                  108 	.db #0x00
   0001 00                  109 	.db #0x00
   0002 80                  110 	.db #0x80
   0003 1B                  111 	.db #0x1B
   0004 88                  112 	.db #0x88
   0005 0F                  113 	.db #0x0F
   0006 00                  114 	.db #0x00
   0007 00                  115 	.db #0x00
   0008 00                  116 	.db #0x00
   0009 20                  117 	.db #0x20
   000A 00                  118 	.db #0x00
   000B 00                  119 	.db #0x00
   000C 00                  120 	.db #0x00
   000D 00                  121 	.db #0x00
   000E 00                  122 	.db #0x00
   000F 00                  123 	.db #0x00
   0010 20                  124 	.db #0x20
   0011 00                  125 	.db #0x00
   0012 00                  126 	.db #0x00
   0013 00                  127 	.db #0x00
   0014 00                  128 	.db #0x00
   0015 88                  129 	.db #0x88
   0016 0F                  130 	.db #0x0F
   0017 00                  131 	.db #0x00
   0018 00                  132 	.db #0x00
   0019 00                  133 	.db #0x00
   001A 20                  134 	.db #0x20
   001B 00                  135 	.db #0x00
   001C 00                  136 	.db #0x00
   001D 80                  137 	.db #0x80
   001E 1B                  138 	.db #0x1B
   001F 00                  139 	.db #0x00
   0020 00                  140 	.db #0x00
   0021 00                  141 	.db #0x00
   0022 00                  142 	.db #0x00
   0023 00                  143 	.db #0x00
   0024 00                  144 	.db #0x00
   0025 00                  145 	.db #0x00
   0026 83                  146 	.db #0x83
   0027 1B                  147 	.db #0x1B
   0028 88                  148 	.db #0x88
   0029 0F                  149 	.db #0x0F
   002A 00                  150 	.db #0x00
   002B 00                  151 	.db #0x00
   002C 00                  152 	.db #0x00
   002D 20                  153 	.db #0x20
   002E 00                  154 	.db #0x00
   002F 00                  155 	.db #0x00
   0030 80                  156 	.db #0x80
   0031 1B                  157 	.db #0x1B
   0032 00                  158 	.db #0x00
   0033 00                  159 	.db #0x00
   0034 00                  160 	.db #0x00
   0035 00                  161 	.db #0x00
   0036 00                  162 	.db #0x00
   0037 00                  163 	.db #0x00
   0038 00                  164 	.db #0x00
   0039 20                  165 	.db #0x20
   003A 88                  166 	.db #0x88
   003B 0F                  167 	.db #0x0F
   003C 00                  168 	.db #0x00
   003D 00                  169 	.db #0x00
   003E 00                  170 	.db #0x00
   003F 20                  171 	.db #0x20
   0040 00                  172 	.db #0x00
   0041 00                  173 	.db #0x00
   0042 80                  174 	.db #0x80
   0043 1B                  175 	.db #0x1B
   0044 00                  176 	.db #0x00
   0045 00                  177 	.db #0x00
   0046 00                  178 	.db #0x00
   0047 00                  179 	.db #0x00
   0048 00                  180 	.db #0x00
   0049 00                  181 	.db #0x00
   004A 00                  182 	.db #0x00
   004B 20                  183 	.db #0x20
   004C 88                  184 	.db #0x88
   004D 0F                  185 	.db #0x0F
   004E 00                  186 	.db #0x00
   004F 00                  187 	.db #0x00
   0050 00                  188 	.db #0x00
   0051 20                  189 	.db #0x20
   0052 00                  190 	.db #0x00
   0053 00                  191 	.db #0x00
   0054 80                  192 	.db #0x80
   0055 1B                  193 	.db #0x1B
   0056 00                  194 	.db #0x00
   0057 00                  195 	.db #0x00
   0058 00                  196 	.db #0x00
   0059 00                  197 	.db #0x00
   005A 00                  198 	.db #0x00
   005B 00                  199 	.db #0x00
   005C 00                  200 	.db #0x00
   005D 20                  201 	.db #0x20
   005E 88                  202 	.db #0x88
   005F 0F                  203 	.db #0x0F
   0060 00                  204 	.db #0x00
   0061 00                  205 	.db #0x00
   0062 00                  206 	.db #0x00
   0063 20                  207 	.db #0x20
   0064 00                  208 	.db #0x00
   0065 00                  209 	.db #0x00
   0066 80                  210 	.db #0x80
   0067 1B                  211 	.db #0x1B
   0068 00                  212 	.db #0x00
   0069 00                  213 	.db #0x00
   006A 00                  214 	.db #0x00
   006B 00                  215 	.db #0x00
   006C 00                  216 	.db #0x00
   006D 00                  217 	.db #0x00
   006E 00                  218 	.db #0x00
   006F 83                  219 	.db #0x83
   0070 1B                  220 	.db #0x1B
   0071 88                  221 	.db #0x88
   0072 0F                  222 	.db #0x0F
   0073 00                  223 	.db #0x00
   0074 00                  224 	.db #0x00
   0075 00                  225 	.db #0x00
   0076 20                  226 	.db #0x20
   0077 00                  227 	.db #0x00
   0078 00                  228 	.db #0x00
   0079 80                  229 	.db #0x80
   007A 1B                  230 	.db #0x1B
   007B 00                  231 	.db #0x00
   007C 00                  232 	.db #0x00
   007D 00                  233 	.db #0x00
   007E 00                  234 	.db #0x00
   007F 00                  235 	.db #0x00
   0080 00                  236 	.db #0x00
   0081 00                  237 	.db #0x00
   0082 80                  238 	.db #0x80
   0083 1B                  239 	.db #0x1B
   0084 88                  240 	.db #0x88
   0085 0F                  241 	.db #0x0F
   0086 00                  242 	.db #0x00
   0087 00                  243 	.db #0x00
   0088 00                  244 	.db #0x00
   0089 20                  245 	.db #0x20
   008A 00                  246 	.db #0x00
   008B 00                  247 	.db #0x00
   008C 00                  248 	.db #0x00
   008D 00                  249 	.db #0x00
   008E 00                  250 	.db #0x00
   008F 00                  251 	.db #0x00
   0090 20                  252 	.db #0x20
   0091 00                  253 	.db #0x00
   0092 00                  254 	.db #0x00
   0093 00                  255 	.db #0x00
   0094 80                  256 	.db #0x80
   0095 1B                  257 	.db #0x1B
   0096 88                  258 	.db #0x88
   0097 0F                  259 	.db #0x0F
   0098 00                  260 	.db #0x00
   0099 00                  261 	.db #0x00
   009A 00                  262 	.db #0x00
   009B 20                  263 	.db #0x20
   009C 00                  264 	.db #0x00
   009D 00                  265 	.db #0x00
   009E 00                  266 	.db #0x00
   009F 00                  267 	.db #0x00
   00A0 00                  268 	.db #0x00
   00A1 00                  269 	.db #0x00
   00A2 20                  270 	.db #0x20
   00A3 00                  271 	.db #0x00
   00A4 00                  272 	.db #0x00
   00A5 00                  273 	.db #0x00
   00A6 00                  274 	.db #0x00
   00A7 88                  275 	.db #0x88
   00A8 0F                  276 	.db #0x0F
   00A9 00                  277 	.db #0x00
   00AA 00                  278 	.db #0x00
   00AB 00                  279 	.db #0x00
   00AC 20                  280 	.db #0x20
   00AD 00                  281 	.db #0x00
   00AE 00                  282 	.db #0x00
   00AF 80                  283 	.db #0x80
   00B0 1B                  284 	.db #0x1B
   00B1 00                  285 	.db #0x00
   00B2 00                  286 	.db #0x00
   00B3 00                  287 	.db #0x00
   00B4 00                  288 	.db #0x00
   00B5 00                  289 	.db #0x00
   00B6 00                  290 	.db #0x00
   00B7 00                  291 	.db #0x00
   00B8 83                  292 	.db #0x83
   00B9 1B                  293 	.db #0x1B
   00BA 88                  294 	.db #0x88
   00BB 0F                  295 	.db #0x0F
   00BC 00                  296 	.db #0x00
   00BD 00                  297 	.db #0x00
   00BE 00                  298 	.db #0x00
   00BF 20                  299 	.db #0x20
   00C0 00                  300 	.db #0x00
   00C1 00                  301 	.db #0x00
   00C2 80                  302 	.db #0x80
   00C3 1B                  303 	.db #0x1B
   00C4 00                  304 	.db #0x00
   00C5 00                  305 	.db #0x00
   00C6 00                  306 	.db #0x00
   00C7 00                  307 	.db #0x00
   00C8 00                  308 	.db #0x00
   00C9 00                  309 	.db #0x00
   00CA 00                  310 	.db #0x00
   00CB 20                  311 	.db #0x20
   00CC 88                  312 	.db #0x88
   00CD 0F                  313 	.db #0x0F
   00CE 00                  314 	.db #0x00
   00CF 00                  315 	.db #0x00
   00D0 00                  316 	.db #0x00
   00D1 20                  317 	.db #0x20
   00D2 00                  318 	.db #0x00
   00D3 00                  319 	.db #0x00
   00D4 80                  320 	.db #0x80
   00D5 1B                  321 	.db #0x1B
   00D6 00                  322 	.db #0x00
   00D7 00                  323 	.db #0x00
   00D8 00                  324 	.db #0x00
   00D9 00                  325 	.db #0x00
   00DA 00                  326 	.db #0x00
   00DB 00                  327 	.db #0x00
   00DC 00                  328 	.db #0x00
   00DD 20                  329 	.db #0x20
   00DE 88                  330 	.db #0x88
   00DF 0F                  331 	.db #0x0F
   00E0 00                  332 	.db #0x00
   00E1 00                  333 	.db #0x00
   00E2 00                  334 	.db #0x00
   00E3 20                  335 	.db #0x20
   00E4 00                  336 	.db #0x00
   00E5 00                  337 	.db #0x00
   00E6 80                  338 	.db #0x80
   00E7 1B                  339 	.db #0x1B
   00E8 00                  340 	.db #0x00
   00E9 00                  341 	.db #0x00
   00EA 00                  342 	.db #0x00
   00EB 00                  343 	.db #0x00
   00EC 00                  344 	.db #0x00
   00ED 00                  345 	.db #0x00
   00EE 00                  346 	.db #0x00
   00EF 20                  347 	.db #0x20
   00F0 88                  348 	.db #0x88
   00F1 0F                  349 	.db #0x0F
   00F2 00                  350 	.db #0x00
   00F3 00                  351 	.db #0x00
   00F4 00                  352 	.db #0x00
   00F5 20                  353 	.db #0x20
   00F6 00                  354 	.db #0x00
   00F7 00                  355 	.db #0x00
   00F8 80                  356 	.db #0x80
   00F9 1B                  357 	.db #0x1B
   00FA 00                  358 	.db #0x00
   00FB 00                  359 	.db #0x00
   00FC 00                  360 	.db #0x00
   00FD 00                  361 	.db #0x00
   00FE 00                  362 	.db #0x00
   00FF 00                  363 	.db #0x00
   0100 00                  364 	.db #0x00
   0101 83                  365 	.db #0x83
   0102 1B                  366 	.db #0x1B
   0103 88                  367 	.db #0x88
   0104 0F                  368 	.db #0x0F
   0105 00                  369 	.db #0x00
   0106 00                  370 	.db #0x00
   0107 00                  371 	.db #0x00
   0108 20                  372 	.db #0x20
   0109 00                  373 	.db #0x00
   010A 00                  374 	.db #0x00
   010B 80                  375 	.db #0x80
   010C 1B                  376 	.db #0x1B
   010D 00                  377 	.db #0x00
   010E 00                  378 	.db #0x00
   010F 00                  379 	.db #0x00
   0110 00                  380 	.db #0x00
   0111 00                  381 	.db #0x00
   0112 00                  382 	.db #0x00
   0113 00                  383 	.db #0x00
   0114 80                  384 	.db #0x80
   0115 1B                  385 	.db #0x1B
   0116 88                  386 	.db #0x88
   0117 0F                  387 	.db #0x0F
   0118 00                  388 	.db #0x00
   0119 00                  389 	.db #0x00
   011A 00                  390 	.db #0x00
   011B 20                  391 	.db #0x20
   011C 00                  392 	.db #0x00
   011D 00                  393 	.db #0x00
   011E 00                  394 	.db #0x00
   011F 00                  395 	.db #0x00
   0120 00                  396 	.db #0x00
   0121 00                  397 	.db #0x00
   0122 20                  398 	.db #0x20
   0123 00                  399 	.db #0x00
   0124                     400 _song1:
   0124 00                  401 	.db #0x00
   0125 00                  402 	.db #0x00
   0126 85                  403 	.db #0x85
   0127 1B                  404 	.db #0x1B
   0128 88                  405 	.db #0x88
   0129 0F                  406 	.db #0x0F
   012A 00                  407 	.db #0x00
   012B 00                  408 	.db #0x00
   012C 00                  409 	.db #0x00
   012D 20                  410 	.db #0x20
   012E 00                  411 	.db #0x00
   012F 00                  412 	.db #0x00
   0130 00                  413 	.db #0x00
   0131 00                  414 	.db #0x00
   0132 00                  415 	.db #0x00
   0133 00                  416 	.db #0x00
   0134 20                  417 	.db #0x20
   0135 00                  418 	.db #0x00
   0136 00                  419 	.db #0x00
   0137 00                  420 	.db #0x00
   0138 00                  421 	.db #0x00
   0139 88                  422 	.db #0x88
   013A 0F                  423 	.db #0x0F
   013B 00                  424 	.db #0x00
   013C 00                  425 	.db #0x00
   013D 00                  426 	.db #0x00
   013E 20                  427 	.db #0x20
   013F 00                  428 	.db #0x00
   0140 00                  429 	.db #0x00
   0141 85                  430 	.db #0x85
   0142 1B                  431 	.db #0x1B
   0143 00                  432 	.db #0x00
   0144 00                  433 	.db #0x00
   0145 00                  434 	.db #0x00
   0146 00                  435 	.db #0x00
   0147 00                  436 	.db #0x00
   0148 00                  437 	.db #0x00
   0149 00                  438 	.db #0x00
   014A 88                  439 	.db #0x88
   014B 1B                  440 	.db #0x1B
   014C 88                  441 	.db #0x88
   014D 0F                  442 	.db #0x0F
   014E 00                  443 	.db #0x00
   014F 00                  444 	.db #0x00
   0150 00                  445 	.db #0x00
   0151 20                  446 	.db #0x20
   0152 00                  447 	.db #0x00
   0153 00                  448 	.db #0x00
   0154 85                  449 	.db #0x85
   0155 1B                  450 	.db #0x1B
   0156 00                  451 	.db #0x00
   0157 00                  452 	.db #0x00
   0158 00                  453 	.db #0x00
   0159 00                  454 	.db #0x00
   015A 00                  455 	.db #0x00
   015B 00                  456 	.db #0x00
   015C 00                  457 	.db #0x00
   015D 20                  458 	.db #0x20
   015E 88                  459 	.db #0x88
   015F 0F                  460 	.db #0x0F
   0160 00                  461 	.db #0x00
   0161 00                  462 	.db #0x00
   0162 00                  463 	.db #0x00
   0163 20                  464 	.db #0x20
   0164 00                  465 	.db #0x00
   0165 00                  466 	.db #0x00
   0166 85                  467 	.db #0x85
   0167 1B                  468 	.db #0x1B
   0168 00                  469 	.db #0x00
   0169 00                  470 	.db #0x00
   016A 00                  471 	.db #0x00
   016B 00                  472 	.db #0x00
   016C 00                  473 	.db #0x00
   016D 00                  474 	.db #0x00
   016E 00                  475 	.db #0x00
   016F 20                  476 	.db #0x20
   0170 88                  477 	.db #0x88
   0171 0F                  478 	.db #0x0F
   0172 00                  479 	.db #0x00
   0173 00                  480 	.db #0x00
   0174 00                  481 	.db #0x00
   0175 20                  482 	.db #0x20
   0176 00                  483 	.db #0x00
   0177 00                  484 	.db #0x00
   0178 85                  485 	.db #0x85
   0179 1B                  486 	.db #0x1B
   017A 00                  487 	.db #0x00
   017B 00                  488 	.db #0x00
   017C 00                  489 	.db #0x00
   017D 00                  490 	.db #0x00
   017E 00                  491 	.db #0x00
   017F 00                  492 	.db #0x00
   0180 00                  493 	.db #0x00
   0181 20                  494 	.db #0x20
   0182 88                  495 	.db #0x88
   0183 0F                  496 	.db #0x0F
   0184 00                  497 	.db #0x00
   0185 00                  498 	.db #0x00
   0186 00                  499 	.db #0x00
   0187 20                  500 	.db #0x20
   0188 00                  501 	.db #0x00
   0189 00                  502 	.db #0x00
   018A 85                  503 	.db #0x85
   018B 1B                  504 	.db #0x1B
   018C 00                  505 	.db #0x00
   018D 00                  506 	.db #0x00
   018E 00                  507 	.db #0x00
   018F 00                  508 	.db #0x00
   0190 00                  509 	.db #0x00
   0191 00                  510 	.db #0x00
   0192 00                  511 	.db #0x00
   0193 88                  512 	.db #0x88
   0194 1B                  513 	.db #0x1B
   0195 88                  514 	.db #0x88
   0196 0F                  515 	.db #0x0F
   0197 00                  516 	.db #0x00
   0198 00                  517 	.db #0x00
   0199 00                  518 	.db #0x00
   019A 20                  519 	.db #0x20
   019B 00                  520 	.db #0x00
   019C 00                  521 	.db #0x00
   019D 85                  522 	.db #0x85
   019E 1B                  523 	.db #0x1B
   019F 00                  524 	.db #0x00
   01A0 00                  525 	.db #0x00
   01A1 00                  526 	.db #0x00
   01A2 00                  527 	.db #0x00
   01A3 00                  528 	.db #0x00
   01A4 00                  529 	.db #0x00
   01A5 00                  530 	.db #0x00
   01A6 8C                  531 	.db #0x8C
   01A7 1B                  532 	.db #0x1B
   01A8 88                  533 	.db #0x88
   01A9 0F                  534 	.db #0x0F
   01AA 00                  535 	.db #0x00
   01AB 00                  536 	.db #0x00
   01AC 00                  537 	.db #0x00
   01AD 20                  538 	.db #0x20
   01AE 00                  539 	.db #0x00
   01AF 00                  540 	.db #0x00
   01B0 00                  541 	.db #0x00
   01B1 00                  542 	.db #0x00
   01B2 00                  543 	.db #0x00
   01B3 00                  544 	.db #0x00
   01B4 20                  545 	.db #0x20
   01B5 00                  546 	.db #0x00
   01B6 00                  547 	.db #0x00
   01B7 00                  548 	.db #0x00
   01B8 87                  549 	.db #0x87
   01B9 1B                  550 	.db #0x1B
   01BA 88                  551 	.db #0x88
   01BB 0F                  552 	.db #0x0F
   01BC 00                  553 	.db #0x00
   01BD 00                  554 	.db #0x00
   01BE 00                  555 	.db #0x00
   01BF 20                  556 	.db #0x20
   01C0 00                  557 	.db #0x00
   01C1 00                  558 	.db #0x00
   01C2 00                  559 	.db #0x00
   01C3 00                  560 	.db #0x00
   01C4 00                  561 	.db #0x00
   01C5 00                  562 	.db #0x00
   01C6 20                  563 	.db #0x20
   01C7 00                  564 	.db #0x00
   01C8 00                  565 	.db #0x00
   01C9 00                  566 	.db #0x00
   01CA 00                  567 	.db #0x00
   01CB 88                  568 	.db #0x88
   01CC 0F                  569 	.db #0x0F
   01CD 00                  570 	.db #0x00
   01CE 00                  571 	.db #0x00
   01CF 00                  572 	.db #0x00
   01D0 20                  573 	.db #0x20
   01D1 00                  574 	.db #0x00
   01D2 00                  575 	.db #0x00
   01D3 87                  576 	.db #0x87
   01D4 1B                  577 	.db #0x1B
   01D5 00                  578 	.db #0x00
   01D6 00                  579 	.db #0x00
   01D7 00                  580 	.db #0x00
   01D8 00                  581 	.db #0x00
   01D9 00                  582 	.db #0x00
   01DA 00                  583 	.db #0x00
   01DB 00                  584 	.db #0x00
   01DC 8B                  585 	.db #0x8B
   01DD 1B                  586 	.db #0x1B
   01DE 88                  587 	.db #0x88
   01DF 0F                  588 	.db #0x0F
   01E0 00                  589 	.db #0x00
   01E1 00                  590 	.db #0x00
   01E2 00                  591 	.db #0x00
   01E3 20                  592 	.db #0x20
   01E4 00                  593 	.db #0x00
   01E5 00                  594 	.db #0x00
   01E6 87                  595 	.db #0x87
   01E7 1B                  596 	.db #0x1B
   01E8 00                  597 	.db #0x00
   01E9 00                  598 	.db #0x00
   01EA 00                  599 	.db #0x00
   01EB 00                  600 	.db #0x00
   01EC 00                  601 	.db #0x00
   01ED 00                  602 	.db #0x00
   01EE 00                  603 	.db #0x00
   01EF 20                  604 	.db #0x20
   01F0 88                  605 	.db #0x88
   01F1 0F                  606 	.db #0x0F
   01F2 00                  607 	.db #0x00
   01F3 00                  608 	.db #0x00
   01F4 00                  609 	.db #0x00
   01F5 20                  610 	.db #0x20
   01F6 00                  611 	.db #0x00
   01F7 00                  612 	.db #0x00
   01F8 80                  613 	.db #0x80
   01F9 1B                  614 	.db #0x1B
   01FA 00                  615 	.db #0x00
   01FB 00                  616 	.db #0x00
   01FC 00                  617 	.db #0x00
   01FD 00                  618 	.db #0x00
   01FE 00                  619 	.db #0x00
   01FF 00                  620 	.db #0x00
   0200 00                  621 	.db #0x00
   0201 20                  622 	.db #0x20
   0202 88                  623 	.db #0x88
   0203 0F                  624 	.db #0x0F
   0204 00                  625 	.db #0x00
   0205 00                  626 	.db #0x00
   0206 00                  627 	.db #0x00
   0207 20                  628 	.db #0x20
   0208 00                  629 	.db #0x00
   0209 00                  630 	.db #0x00
   020A 80                  631 	.db #0x80
   020B 1B                  632 	.db #0x1B
   020C 00                  633 	.db #0x00
   020D 00                  634 	.db #0x00
   020E 00                  635 	.db #0x00
   020F 00                  636 	.db #0x00
   0210 00                  637 	.db #0x00
   0211 00                  638 	.db #0x00
   0212 00                  639 	.db #0x00
   0213 20                  640 	.db #0x20
   0214 88                  641 	.db #0x88
   0215 0F                  642 	.db #0x0F
   0216 00                  643 	.db #0x00
   0217 00                  644 	.db #0x00
   0218 00                  645 	.db #0x00
   0219 20                  646 	.db #0x20
   021A 00                  647 	.db #0x00
   021B 00                  648 	.db #0x00
   021C 80                  649 	.db #0x80
   021D 1B                  650 	.db #0x1B
   021E 00                  651 	.db #0x00
   021F 00                  652 	.db #0x00
   0220 00                  653 	.db #0x00
   0221 00                  654 	.db #0x00
   0222 00                  655 	.db #0x00
   0223 00                  656 	.db #0x00
   0224 00                  657 	.db #0x00
   0225 20                  658 	.db #0x20
   0226 88                  659 	.db #0x88
   0227 0F                  660 	.db #0x0F
   0228 00                  661 	.db #0x00
   0229 00                  662 	.db #0x00
   022A 00                  663 	.db #0x00
   022B 20                  664 	.db #0x20
   022C 00                  665 	.db #0x00
   022D 00                  666 	.db #0x00
   022E 00                  667 	.db #0x00
   022F 00                  668 	.db #0x00
   0230 00                  669 	.db #0x00
   0231 00                  670 	.db #0x00
   0232 00                  671 	.db #0x00
   0233 00                  672 	.db #0x00
   0234 00                  673 	.db #0x00
   0235 00                  674 	.db #0x00
   0236 00                  675 	.db #0x00
   0237 88                  676 	.db #0x88
   0238 0F                  677 	.db #0x0F
   0239 00                  678 	.db #0x00
   023A 00                  679 	.db #0x00
   023B 00                  680 	.db #0x00
   023C 20                  681 	.db #0x20
   023D 00                  682 	.db #0x00
   023E 00                  683 	.db #0x00
   023F 00                  684 	.db #0x00
   0240 00                  685 	.db #0x00
   0241 00                  686 	.db #0x00
   0242 00                  687 	.db #0x00
   0243 00                  688 	.db #0x00
   0244 00                  689 	.db #0x00
   0245                     690 _song2:
   0245 00                  691 	.db #0x00
   0246 00                  692 	.db #0x00
   0247 00                  693 	.db #0x00
   0248 00                  694 	.db #0x00
   0249 00                  695 	.db #0x00
   024A 00                  696 	.db #0x00
   024B 00                  697 	.db #0x00
   024C 00                  698 	.db #0x00
   024D 00                  699 	.db #0x00
   024E 00                  700 	.db #0x00
   024F 00                  701 	.db #0x00
   0250 00                  702 	.db #0x00
   0251 00                  703 	.db #0x00
   0252 00                  704 	.db #0x00
   0253 00                  705 	.db #0x00
   0254 00                  706 	.db #0x00
   0255 00                  707 	.db #0x00
   0256 00                  708 	.db #0x00
   0257 00                  709 	.db #0x00
   0258 00                  710 	.db #0x00
   0259 00                  711 	.db #0x00
   025A 00                  712 	.db #0x00
   025B 00                  713 	.db #0x00
   025C 00                  714 	.db #0x00
   025D 00                  715 	.db #0x00
   025E 00                  716 	.db #0x00
   025F 00                  717 	.db #0x00
   0260 00                  718 	.db #0x00
   0261 00                  719 	.db #0x00
   0262 00                  720 	.db #0x00
   0263 00                  721 	.db #0x00
   0264 00                  722 	.db #0x00
   0265 00                  723 	.db #0x00
   0266 00                  724 	.db #0x00
   0267 00                  725 	.db #0x00
   0268 00                  726 	.db #0x00
   0269 00                  727 	.db #0x00
   026A 00                  728 	.db #0x00
   026B 00                  729 	.db #0x00
   026C 00                  730 	.db #0x00
   026D 00                  731 	.db #0x00
   026E 00                  732 	.db #0x00
   026F 00                  733 	.db #0x00
   0270 00                  734 	.db #0x00
   0271 00                  735 	.db #0x00
   0272 00                  736 	.db #0x00
   0273 00                  737 	.db #0x00
   0274 00                  738 	.db #0x00
   0275 00                  739 	.db #0x00
   0276 00                  740 	.db #0x00
   0277 00                  741 	.db #0x00
   0278 00                  742 	.db #0x00
   0279 00                  743 	.db #0x00
   027A 00                  744 	.db #0x00
   027B 00                  745 	.db #0x00
   027C 00                  746 	.db #0x00
   027D 00                  747 	.db #0x00
   027E 00                  748 	.db #0x00
   027F 00                  749 	.db #0x00
   0280 00                  750 	.db #0x00
   0281 00                  751 	.db #0x00
   0282 00                  752 	.db #0x00
   0283 00                  753 	.db #0x00
   0284 00                  754 	.db #0x00
   0285 00                  755 	.db #0x00
   0286 00                  756 	.db #0x00
   0287 00                  757 	.db #0x00
   0288 00                  758 	.db #0x00
   0289 00                  759 	.db #0x00
   028A 00                  760 	.db #0x00
   028B 00                  761 	.db #0x00
   028C 00                  762 	.db #0x00
   028D 00                  763 	.db #0x00
   028E 00                  764 	.db #0x00
   028F 00                  765 	.db #0x00
   0290 00                  766 	.db #0x00
   0291 00                  767 	.db #0x00
   0292 00                  768 	.db #0x00
   0293 00                  769 	.db #0x00
   0294 00                  770 	.db #0x00
   0295 00                  771 	.db #0x00
   0296 00                  772 	.db #0x00
   0297 00                  773 	.db #0x00
   0298 00                  774 	.db #0x00
   0299 00                  775 	.db #0x00
   029A 00                  776 	.db #0x00
   029B 00                  777 	.db #0x00
   029C 00                  778 	.db #0x00
   029D 00                  779 	.db #0x00
   029E 00                  780 	.db #0x00
   029F 00                  781 	.db #0x00
   02A0 00                  782 	.db #0x00
   02A1 00                  783 	.db #0x00
   02A2 00                  784 	.db #0x00
   02A3 00                  785 	.db #0x00
   02A4 00                  786 	.db #0x00
   02A5 00                  787 	.db #0x00
   02A6 00                  788 	.db #0x00
   02A7 00                  789 	.db #0x00
   02A8 00                  790 	.db #0x00
   02A9 00                  791 	.db #0x00
   02AA 00                  792 	.db #0x00
   02AB 00                  793 	.db #0x00
   02AC 00                  794 	.db #0x00
   02AD 00                  795 	.db #0x00
   02AE 00                  796 	.db #0x00
   02AF 00                  797 	.db #0x00
   02B0 00                  798 	.db #0x00
   02B1 00                  799 	.db #0x00
   02B2 00                  800 	.db #0x00
   02B3 00                  801 	.db #0x00
   02B4 00                  802 	.db #0x00
   02B5 00                  803 	.db #0x00
   02B6 00                  804 	.db #0x00
   02B7 00                  805 	.db #0x00
   02B8 00                  806 	.db #0x00
   02B9 00                  807 	.db #0x00
   02BA 00                  808 	.db #0x00
   02BB 00                  809 	.db #0x00
   02BC 00                  810 	.db #0x00
   02BD 00                  811 	.db #0x00
   02BE 00                  812 	.db #0x00
   02BF 00                  813 	.db #0x00
   02C0 00                  814 	.db #0x00
   02C1 00                  815 	.db #0x00
   02C2 00                  816 	.db #0x00
   02C3 00                  817 	.db #0x00
   02C4 00                  818 	.db #0x00
   02C5 00                  819 	.db #0x00
   02C6 00                  820 	.db #0x00
   02C7 00                  821 	.db #0x00
   02C8 00                  822 	.db #0x00
   02C9 00                  823 	.db #0x00
   02CA 00                  824 	.db #0x00
   02CB 00                  825 	.db #0x00
   02CC 00                  826 	.db #0x00
   02CD 00                  827 	.db #0x00
   02CE 00                  828 	.db #0x00
   02CF 00                  829 	.db #0x00
   02D0 00                  830 	.db #0x00
   02D1 00                  831 	.db #0x00
   02D2 00                  832 	.db #0x00
   02D3 00                  833 	.db #0x00
   02D4 00                  834 	.db #0x00
   02D5 00                  835 	.db #0x00
   02D6 00                  836 	.db #0x00
   02D7 00                  837 	.db #0x00
   02D8 00                  838 	.db #0x00
   02D9 00                  839 	.db #0x00
   02DA 00                  840 	.db #0x00
   02DB 00                  841 	.db #0x00
   02DC 00                  842 	.db #0x00
   02DD 00                  843 	.db #0x00
   02DE 00                  844 	.db #0x00
   02DF 00                  845 	.db #0x00
   02E0 00                  846 	.db #0x00
   02E1 00                  847 	.db #0x00
   02E2 00                  848 	.db #0x00
   02E3 00                  849 	.db #0x00
   02E4 00                  850 	.db #0x00
   02E5 00                  851 	.db #0x00
   02E6 00                  852 	.db #0x00
   02E7 00                  853 	.db #0x00
   02E8 00                  854 	.db #0x00
   02E9 00                  855 	.db #0x00
   02EA 00                  856 	.db #0x00
   02EB 00                  857 	.db #0x00
   02EC 00                  858 	.db #0x00
   02ED 00                  859 	.db #0x00
   02EE 00                  860 	.db #0x00
   02EF 00                  861 	.db #0x00
   02F0 00                  862 	.db #0x00
   02F1 00                  863 	.db #0x00
   02F2 00                  864 	.db #0x00
   02F3 00                  865 	.db #0x00
   02F4 00                  866 	.db #0x00
   02F5 00                  867 	.db #0x00
   02F6 00                  868 	.db #0x00
   02F7 00                  869 	.db #0x00
   02F8 00                  870 	.db #0x00
   02F9 00                  871 	.db #0x00
   02FA 00                  872 	.db #0x00
   02FB 00                  873 	.db #0x00
   02FC 00                  874 	.db #0x00
   02FD 00                  875 	.db #0x00
   02FE 00                  876 	.db #0x00
   02FF 00                  877 	.db #0x00
   0300 00                  878 	.db #0x00
   0301 00                  879 	.db #0x00
   0302 00                  880 	.db #0x00
   0303 00                  881 	.db #0x00
   0304 00                  882 	.db #0x00
   0305 00                  883 	.db #0x00
   0306 00                  884 	.db #0x00
   0307 00                  885 	.db #0x00
   0308 00                  886 	.db #0x00
   0309 00                  887 	.db #0x00
   030A 00                  888 	.db #0x00
   030B 00                  889 	.db #0x00
   030C 00                  890 	.db #0x00
   030D 00                  891 	.db #0x00
   030E 00                  892 	.db #0x00
   030F 00                  893 	.db #0x00
   0310 00                  894 	.db #0x00
   0311 00                  895 	.db #0x00
   0312 00                  896 	.db #0x00
   0313 00                  897 	.db #0x00
   0314 00                  898 	.db #0x00
   0315 00                  899 	.db #0x00
   0316 00                  900 	.db #0x00
   0317 00                  901 	.db #0x00
   0318 00                  902 	.db #0x00
   0319 00                  903 	.db #0x00
   031A 00                  904 	.db #0x00
   031B 00                  905 	.db #0x00
   031C 00                  906 	.db #0x00
   031D 00                  907 	.db #0x00
   031E 00                  908 	.db #0x00
   031F 00                  909 	.db #0x00
   0320 00                  910 	.db #0x00
   0321 00                  911 	.db #0x00
   0322 00                  912 	.db #0x00
   0323 00                  913 	.db #0x00
   0324 00                  914 	.db #0x00
   0325 00                  915 	.db #0x00
   0326 00                  916 	.db #0x00
   0327 00                  917 	.db #0x00
   0328 00                  918 	.db #0x00
   0329 00                  919 	.db #0x00
   032A 00                  920 	.db #0x00
   032B 00                  921 	.db #0x00
   032C 00                  922 	.db #0x00
   032D 00                  923 	.db #0x00
   032E 00                  924 	.db #0x00
   032F 00                  925 	.db #0x00
   0330 00                  926 	.db #0x00
   0331 00                  927 	.db #0x00
   0332 00                  928 	.db #0x00
   0333 00                  929 	.db #0x00
   0334 00                  930 	.db #0x00
   0335 00                  931 	.db #0x00
   0336 00                  932 	.db #0x00
   0337 00                  933 	.db #0x00
   0338 00                  934 	.db #0x00
   0339 00                  935 	.db #0x00
   033A 00                  936 	.db #0x00
   033B 00                  937 	.db #0x00
   033C 00                  938 	.db #0x00
   033D 00                  939 	.db #0x00
   033E 00                  940 	.db #0x00
   033F 00                  941 	.db #0x00
   0340 00                  942 	.db #0x00
   0341 00                  943 	.db #0x00
   0342 00                  944 	.db #0x00
   0343 00                  945 	.db #0x00
   0344 00                  946 	.db #0x00
   0345                     947 _song3:
   0345 9F                  948 	.db #0x9F
   0346 2F                  949 	.db #0x2F
   0347 00                  950 	.db #0x00
   0348 80                  951 	.db #0x80
   0349 1B                  952 	.db #0x1B
   034A 88                  953 	.db #0x88
   034B 0F                  954 	.db #0x0F
   034C 00                  955 	.db #0x00
   034D 00                  956 	.db #0x00
   034E 00                  957 	.db #0x00
   034F 20                  958 	.db #0x20
   0350 A6                  959 	.db #0xA6
   0351 2F                  960 	.db #0x2F
   0352 00                  961 	.db #0x00
   0353 00                  962 	.db #0x00
   0354 00                  963 	.db #0x00
   0355 00                  964 	.db #0x00
   0356 00                  965 	.db #0x00
   0357 20                  966 	.db #0x20
   0358 00                  967 	.db #0x00
   0359 20                  968 	.db #0x20
   035A 00                  969 	.db #0x00
   035B 00                  970 	.db #0x00
   035C 88                  971 	.db #0x88
   035D 0F                  972 	.db #0x0F
   035E 00                  973 	.db #0x00
   035F 00                  974 	.db #0x00
   0360 00                  975 	.db #0x00
   0361 20                  976 	.db #0x20
   0362 9F                  977 	.db #0x9F
   0363 2F                  978 	.db #0x2F
   0364 00                  979 	.db #0x00
   0365 80                  980 	.db #0x80
   0366 1B                  981 	.db #0x1B
   0367 00                  982 	.db #0x00
   0368 00                  983 	.db #0x00
   0369 00                  984 	.db #0x00
   036A 00                  985 	.db #0x00
   036B 00                  986 	.db #0x00
   036C A5                  987 	.db #0xA5
   036D 2F                  988 	.db #0x2F
   036E 00                  989 	.db #0x00
   036F 83                  990 	.db #0x83
   0370 1B                  991 	.db #0x1B
   0371 88                  992 	.db #0x88
   0372 0F                  993 	.db #0x0F
   0373 00                  994 	.db #0x00
   0374 00                  995 	.db #0x00
   0375 00                  996 	.db #0x00
   0376 20                  997 	.db #0x20
   0377 A6                  998 	.db #0xA6
   0378 2F                  999 	.db #0x2F
   0379 00                 1000 	.db #0x00
   037A 80                 1001 	.db #0x80
   037B 1B                 1002 	.db #0x1B
   037C 00                 1003 	.db #0x00
   037D 00                 1004 	.db #0x00
   037E 00                 1005 	.db #0x00
   037F 00                 1006 	.db #0x00
   0380 00                 1007 	.db #0x00
   0381 A5                 1008 	.db #0xA5
   0382 2F                 1009 	.db #0x2F
   0383 00                 1010 	.db #0x00
   0384 20                 1011 	.db #0x20
   0385 88                 1012 	.db #0x88
   0386 0F                 1013 	.db #0x0F
   0387 00                 1014 	.db #0x00
   0388 00                 1015 	.db #0x00
   0389 00                 1016 	.db #0x00
   038A 20                 1017 	.db #0x20
   038B A2                 1018 	.db #0xA2
   038C 2F                 1019 	.db #0x2F
   038D 00                 1020 	.db #0x00
   038E 80                 1021 	.db #0x80
   038F 1B                 1022 	.db #0x1B
   0390 00                 1023 	.db #0x00
   0391 00                 1024 	.db #0x00
   0392 00                 1025 	.db #0x00
   0393 00                 1026 	.db #0x00
   0394 00                 1027 	.db #0x00
   0395 9F                 1028 	.db #0x9F
   0396 2F                 1029 	.db #0x2F
   0397 00                 1030 	.db #0x00
   0398 20                 1031 	.db #0x20
   0399 88                 1032 	.db #0x88
   039A 0F                 1033 	.db #0x0F
   039B 00                 1034 	.db #0x00
   039C 00                 1035 	.db #0x00
   039D 00                 1036 	.db #0x00
   039E 20                 1037 	.db #0x20
   039F A6                 1038 	.db #0xA6
   03A0 2F                 1039 	.db #0x2F
   03A1 00                 1040 	.db #0x00
   03A2 80                 1041 	.db #0x80
   03A3 1B                 1042 	.db #0x1B
   03A4 00                 1043 	.db #0x00
   03A5 00                 1044 	.db #0x00
   03A6 00                 1045 	.db #0x00
   03A7 00                 1046 	.db #0x00
   03A8 00                 1047 	.db #0x00
   03A9 20                 1048 	.db #0x20
   03AA 00                 1049 	.db #0x00
   03AB 20                 1050 	.db #0x20
   03AC 88                 1051 	.db #0x88
   03AD 0F                 1052 	.db #0x0F
   03AE 00                 1053 	.db #0x00
   03AF 00                 1054 	.db #0x00
   03B0 00                 1055 	.db #0x00
   03B1 20                 1056 	.db #0x20
   03B2 9F                 1057 	.db #0x9F
   03B3 2F                 1058 	.db #0x2F
   03B4 00                 1059 	.db #0x00
   03B5 80                 1060 	.db #0x80
   03B6 1B                 1061 	.db #0x1B
   03B7 00                 1062 	.db #0x00
   03B8 00                 1063 	.db #0x00
   03B9 00                 1064 	.db #0x00
   03BA 00                 1065 	.db #0x00
   03BB 00                 1066 	.db #0x00
   03BC A5                 1067 	.db #0xA5
   03BD 2F                 1068 	.db #0x2F
   03BE 00                 1069 	.db #0x00
   03BF 83                 1070 	.db #0x83
   03C0 1B                 1071 	.db #0x1B
   03C1 88                 1072 	.db #0x88
   03C2 0F                 1073 	.db #0x0F
   03C3 00                 1074 	.db #0x00
   03C4 00                 1075 	.db #0x00
   03C5 00                 1076 	.db #0x00
   03C6 20                 1077 	.db #0x20
   03C7 A6                 1078 	.db #0xA6
   03C8 2F                 1079 	.db #0x2F
   03C9 00                 1080 	.db #0x00
   03CA 80                 1081 	.db #0x80
   03CB 1B                 1082 	.db #0x1B
   03CC 00                 1083 	.db #0x00
   03CD 00                 1084 	.db #0x00
   03CE 00                 1085 	.db #0x00
   03CF 00                 1086 	.db #0x00
   03D0 00                 1087 	.db #0x00
   03D1 A5                 1088 	.db #0xA5
   03D2 2F                 1089 	.db #0x2F
   03D3 00                 1090 	.db #0x00
   03D4 80                 1091 	.db #0x80
   03D5 1B                 1092 	.db #0x1B
   03D6 88                 1093 	.db #0x88
   03D7 0F                 1094 	.db #0x0F
   03D8 00                 1095 	.db #0x00
   03D9 00                 1096 	.db #0x00
   03DA 00                 1097 	.db #0x00
   03DB 20                 1098 	.db #0x20
   03DC A2                 1099 	.db #0xA2
   03DD 2F                 1100 	.db #0x2F
   03DE 00                 1101 	.db #0x00
   03DF 00                 1102 	.db #0x00
   03E0 00                 1103 	.db #0x00
   03E1 00                 1104 	.db #0x00
   03E2 00                 1105 	.db #0x00
   03E3 20                 1106 	.db #0x20
   03E4 00                 1107 	.db #0x00
   03E5 9F                 1108 	.db #0x9F
   03E6 2F                 1109 	.db #0x2F
   03E7 00                 1110 	.db #0x00
   03E8 80                 1111 	.db #0x80
   03E9 1B                 1112 	.db #0x1B
   03EA 88                 1113 	.db #0x88
   03EB 0F                 1114 	.db #0x0F
   03EC 00                 1115 	.db #0x00
   03ED 00                 1116 	.db #0x00
   03EE 00                 1117 	.db #0x00
   03EF 20                 1118 	.db #0x20
   03F0 A6                 1119 	.db #0xA6
   03F1 2F                 1120 	.db #0x2F
   03F2 00                 1121 	.db #0x00
   03F3 00                 1122 	.db #0x00
   03F4 00                 1123 	.db #0x00
   03F5 00                 1124 	.db #0x00
   03F6 00                 1125 	.db #0x00
   03F7 20                 1126 	.db #0x20
   03F8 00                 1127 	.db #0x00
   03F9 20                 1128 	.db #0x20
   03FA 00                 1129 	.db #0x00
   03FB 00                 1130 	.db #0x00
   03FC 88                 1131 	.db #0x88
   03FD 0F                 1132 	.db #0x0F
   03FE 00                 1133 	.db #0x00
   03FF 00                 1134 	.db #0x00
   0400 00                 1135 	.db #0x00
   0401 20                 1136 	.db #0x20
   0402 9F                 1137 	.db #0x9F
   0403 2F                 1138 	.db #0x2F
   0404 00                 1139 	.db #0x00
   0405 80                 1140 	.db #0x80
   0406 1B                 1141 	.db #0x1B
   0407 00                 1142 	.db #0x00
   0408 00                 1143 	.db #0x00
   0409 00                 1144 	.db #0x00
   040A 00                 1145 	.db #0x00
   040B 00                 1146 	.db #0x00
   040C A5                 1147 	.db #0xA5
   040D 2F                 1148 	.db #0x2F
   040E 00                 1149 	.db #0x00
   040F 83                 1150 	.db #0x83
   0410 1B                 1151 	.db #0x1B
   0411 88                 1152 	.db #0x88
   0412 0F                 1153 	.db #0x0F
   0413 00                 1154 	.db #0x00
   0414 00                 1155 	.db #0x00
   0415 00                 1156 	.db #0x00
   0416 20                 1157 	.db #0x20
   0417 A6                 1158 	.db #0xA6
   0418 2F                 1159 	.db #0x2F
   0419 00                 1160 	.db #0x00
   041A 80                 1161 	.db #0x80
   041B 1B                 1162 	.db #0x1B
   041C 00                 1163 	.db #0x00
   041D 00                 1164 	.db #0x00
   041E 00                 1165 	.db #0x00
   041F 00                 1166 	.db #0x00
   0420 00                 1167 	.db #0x00
   0421 A5                 1168 	.db #0xA5
   0422 2F                 1169 	.db #0x2F
   0423 00                 1170 	.db #0x00
   0424 20                 1171 	.db #0x20
   0425 88                 1172 	.db #0x88
   0426 0F                 1173 	.db #0x0F
   0427 00                 1174 	.db #0x00
   0428 00                 1175 	.db #0x00
   0429 00                 1176 	.db #0x00
   042A 20                 1177 	.db #0x20
   042B A2                 1178 	.db #0xA2
   042C 2F                 1179 	.db #0x2F
   042D 00                 1180 	.db #0x00
   042E 80                 1181 	.db #0x80
   042F 1B                 1182 	.db #0x1B
   0430 00                 1183 	.db #0x00
   0431 00                 1184 	.db #0x00
   0432 00                 1185 	.db #0x00
   0433 00                 1186 	.db #0x00
   0434 00                 1187 	.db #0x00
   0435 9F                 1188 	.db #0x9F
   0436 2F                 1189 	.db #0x2F
   0437 00                 1190 	.db #0x00
   0438 20                 1191 	.db #0x20
   0439 88                 1192 	.db #0x88
   043A 0F                 1193 	.db #0x0F
   043B 00                 1194 	.db #0x00
   043C 00                 1195 	.db #0x00
   043D 00                 1196 	.db #0x00
   043E 20                 1197 	.db #0x20
   043F A6                 1198 	.db #0xA6
   0440 2F                 1199 	.db #0x2F
   0441 00                 1200 	.db #0x00
   0442 80                 1201 	.db #0x80
   0443 1B                 1202 	.db #0x1B
   0444 00                 1203 	.db #0x00
   0445 00                 1204 	.db #0x00
   0446 00                 1205 	.db #0x00
   0447 00                 1206 	.db #0x00
   0448 00                 1207 	.db #0x00
   0449 20                 1208 	.db #0x20
   044A 00                 1209 	.db #0x00
   044B 20                 1210 	.db #0x20
   044C 88                 1211 	.db #0x88
   044D 0F                 1212 	.db #0x0F
   044E 00                 1213 	.db #0x00
   044F 00                 1214 	.db #0x00
   0450 00                 1215 	.db #0x00
   0451 20                 1216 	.db #0x20
   0452 9F                 1217 	.db #0x9F
   0453 2F                 1218 	.db #0x2F
   0454 00                 1219 	.db #0x00
   0455 80                 1220 	.db #0x80
   0456 1B                 1221 	.db #0x1B
   0457 00                 1222 	.db #0x00
   0458 00                 1223 	.db #0x00
   0459 00                 1224 	.db #0x00
   045A 00                 1225 	.db #0x00
   045B 00                 1226 	.db #0x00
   045C A5                 1227 	.db #0xA5
   045D 2F                 1228 	.db #0x2F
   045E 00                 1229 	.db #0x00
   045F 83                 1230 	.db #0x83
   0460 1B                 1231 	.db #0x1B
   0461 88                 1232 	.db #0x88
   0462 0F                 1233 	.db #0x0F
   0463 00                 1234 	.db #0x00
   0464 00                 1235 	.db #0x00
   0465 00                 1236 	.db #0x00
   0466 20                 1237 	.db #0x20
   0467 A6                 1238 	.db #0xA6
   0468 2F                 1239 	.db #0x2F
   0469 00                 1240 	.db #0x00
   046A 80                 1241 	.db #0x80
   046B 1B                 1242 	.db #0x1B
   046C 00                 1243 	.db #0x00
   046D 00                 1244 	.db #0x00
   046E 00                 1245 	.db #0x00
   046F 00                 1246 	.db #0x00
   0470 00                 1247 	.db #0x00
   0471 A5                 1248 	.db #0xA5
   0472 2F                 1249 	.db #0x2F
   0473 00                 1250 	.db #0x00
   0474 80                 1251 	.db #0x80
   0475 1B                 1252 	.db #0x1B
   0476 88                 1253 	.db #0x88
   0477 0F                 1254 	.db #0x0F
   0478 00                 1255 	.db #0x00
   0479 00                 1256 	.db #0x00
   047A 00                 1257 	.db #0x00
   047B 20                 1258 	.db #0x20
   047C A2                 1259 	.db #0xA2
   047D 2F                 1260 	.db #0x2F
   047E 00                 1261 	.db #0x00
   047F 00                 1262 	.db #0x00
   0480 00                 1263 	.db #0x00
   0481 00                 1264 	.db #0x00
   0482 00                 1265 	.db #0x00
   0483 20                 1266 	.db #0x20
   0484 00                 1267 	.db #0x00
   0485                    1268 _song4:
   0485 98                 1269 	.db #0x98
   0486 2F                 1270 	.db #0x2F
   0487 00                 1271 	.db #0x00
   0488 85                 1272 	.db #0x85
   0489 1B                 1273 	.db #0x1B
   048A 88                 1274 	.db #0x88
   048B 0F                 1275 	.db #0x0F
   048C 00                 1276 	.db #0x00
   048D 00                 1277 	.db #0x00
   048E 00                 1278 	.db #0x00
   048F 20                 1279 	.db #0x20
   0490 AB                 1280 	.db #0xAB
   0491 2F                 1281 	.db #0x2F
   0492 00                 1282 	.db #0x00
   0493 00                 1283 	.db #0x00
   0494 00                 1284 	.db #0x00
   0495 00                 1285 	.db #0x00
   0496 00                 1286 	.db #0x00
   0497 20                 1287 	.db #0x20
   0498 00                 1288 	.db #0x00
   0499 00                 1289 	.db #0x00
   049A 00                 1290 	.db #0x00
   049B 00                 1291 	.db #0x00
   049C 88                 1292 	.db #0x88
   049D 0F                 1293 	.db #0x0F
   049E 00                 1294 	.db #0x00
   049F 00                 1295 	.db #0x00
   04A0 00                 1296 	.db #0x00
   04A1 20                 1297 	.db #0x20
   04A2 98                 1298 	.db #0x98
   04A3 2F                 1299 	.db #0x2F
   04A4 00                 1300 	.db #0x00
   04A5 85                 1301 	.db #0x85
   04A6 1B                 1302 	.db #0x1B
   04A7 00                 1303 	.db #0x00
   04A8 00                 1304 	.db #0x00
   04A9 00                 1305 	.db #0x00
   04AA 00                 1306 	.db #0x00
   04AB 00                 1307 	.db #0x00
   04AC AA                 1308 	.db #0xAA
   04AD 2F                 1309 	.db #0x2F
   04AE 00                 1310 	.db #0x00
   04AF 88                 1311 	.db #0x88
   04B0 1B                 1312 	.db #0x1B
   04B1 88                 1313 	.db #0x88
   04B2 0F                 1314 	.db #0x0F
   04B3 00                 1315 	.db #0x00
   04B4 00                 1316 	.db #0x00
   04B5 00                 1317 	.db #0x00
   04B6 20                 1318 	.db #0x20
   04B7 AB                 1319 	.db #0xAB
   04B8 2F                 1320 	.db #0x2F
   04B9 00                 1321 	.db #0x00
   04BA 85                 1322 	.db #0x85
   04BB 1B                 1323 	.db #0x1B
   04BC 00                 1324 	.db #0x00
   04BD 00                 1325 	.db #0x00
   04BE 00                 1326 	.db #0x00
   04BF 00                 1327 	.db #0x00
   04C0 00                 1328 	.db #0x00
   04C1 AA                 1329 	.db #0xAA
   04C2 2F                 1330 	.db #0x2F
   04C3 00                 1331 	.db #0x00
   04C4 20                 1332 	.db #0x20
   04C5 88                 1333 	.db #0x88
   04C6 0F                 1334 	.db #0x0F
   04C7 00                 1335 	.db #0x00
   04C8 00                 1336 	.db #0x00
   04C9 00                 1337 	.db #0x00
   04CA 20                 1338 	.db #0x20
   04CB A7                 1339 	.db #0xA7
   04CC 2F                 1340 	.db #0x2F
   04CD 00                 1341 	.db #0x00
   04CE 85                 1342 	.db #0x85
   04CF 1B                 1343 	.db #0x1B
   04D0 00                 1344 	.db #0x00
   04D1 00                 1345 	.db #0x00
   04D2 00                 1346 	.db #0x00
   04D3 00                 1347 	.db #0x00
   04D4 00                 1348 	.db #0x00
   04D5 00                 1349 	.db #0x00
   04D6 00                 1350 	.db #0x00
   04D7 20                 1351 	.db #0x20
   04D8 88                 1352 	.db #0x88
   04D9 0F                 1353 	.db #0x0F
   04DA 00                 1354 	.db #0x00
   04DB 00                 1355 	.db #0x00
   04DC 00                 1356 	.db #0x00
   04DD 20                 1357 	.db #0x20
   04DE 00                 1358 	.db #0x00
   04DF 00                 1359 	.db #0x00
   04E0 85                 1360 	.db #0x85
   04E1 1B                 1361 	.db #0x1B
   04E2 00                 1362 	.db #0x00
   04E3 00                 1363 	.db #0x00
   04E4 00                 1364 	.db #0x00
   04E5 00                 1365 	.db #0x00
   04E6 00                 1366 	.db #0x00
   04E7 00                 1367 	.db #0x00
   04E8 00                 1368 	.db #0x00
   04E9 20                 1369 	.db #0x20
   04EA 88                 1370 	.db #0x88
   04EB 0F                 1371 	.db #0x0F
   04EC 00                 1372 	.db #0x00
   04ED 00                 1373 	.db #0x00
   04EE 00                 1374 	.db #0x00
   04EF 20                 1375 	.db #0x20
   04F0 00                 1376 	.db #0x00
   04F1 00                 1377 	.db #0x00
   04F2 85                 1378 	.db #0x85
   04F3 1B                 1379 	.db #0x1B
   04F4 00                 1380 	.db #0x00
   04F5 00                 1381 	.db #0x00
   04F6 00                 1382 	.db #0x00
   04F7 00                 1383 	.db #0x00
   04F8 00                 1384 	.db #0x00
   04F9 00                 1385 	.db #0x00
   04FA 00                 1386 	.db #0x00
   04FB 88                 1387 	.db #0x88
   04FC 1B                 1388 	.db #0x1B
   04FD 88                 1389 	.db #0x88
   04FE 0F                 1390 	.db #0x0F
   04FF 00                 1391 	.db #0x00
   0500 00                 1392 	.db #0x00
   0501 00                 1393 	.db #0x00
   0502 20                 1394 	.db #0x20
   0503 00                 1395 	.db #0x00
   0504 00                 1396 	.db #0x00
   0505 85                 1397 	.db #0x85
   0506 1B                 1398 	.db #0x1B
   0507 00                 1399 	.db #0x00
   0508 00                 1400 	.db #0x00
   0509 00                 1401 	.db #0x00
   050A 00                 1402 	.db #0x00
   050B 00                 1403 	.db #0x00
   050C 00                 1404 	.db #0x00
   050D 00                 1405 	.db #0x00
   050E 8C                 1406 	.db #0x8C
   050F 1B                 1407 	.db #0x1B
   0510 88                 1408 	.db #0x88
   0511 0F                 1409 	.db #0x0F
   0512 00                 1410 	.db #0x00
   0513 00                 1411 	.db #0x00
   0514 00                 1412 	.db #0x00
   0515 20                 1413 	.db #0x20
   0516 00                 1414 	.db #0x00
   0517 00                 1415 	.db #0x00
   0518 00                 1416 	.db #0x00
   0519 00                 1417 	.db #0x00
   051A 00                 1418 	.db #0x00
   051B 00                 1419 	.db #0x00
   051C 20                 1420 	.db #0x20
   051D 00                 1421 	.db #0x00
   051E 00                 1422 	.db #0x00
   051F 00                 1423 	.db #0x00
   0520 87                 1424 	.db #0x87
   0521 1B                 1425 	.db #0x1B
   0522 88                 1426 	.db #0x88
   0523 0F                 1427 	.db #0x0F
   0524 00                 1428 	.db #0x00
   0525 00                 1429 	.db #0x00
   0526 00                 1430 	.db #0x00
   0527 20                 1431 	.db #0x20
   0528 00                 1432 	.db #0x00
   0529 00                 1433 	.db #0x00
   052A 00                 1434 	.db #0x00
   052B 00                 1435 	.db #0x00
   052C 00                 1436 	.db #0x00
   052D 00                 1437 	.db #0x00
   052E 20                 1438 	.db #0x20
   052F 00                 1439 	.db #0x00
   0530 00                 1440 	.db #0x00
   0531 00                 1441 	.db #0x00
   0532 00                 1442 	.db #0x00
   0533 88                 1443 	.db #0x88
   0534 0F                 1444 	.db #0x0F
   0535 00                 1445 	.db #0x00
   0536 00                 1446 	.db #0x00
   0537 00                 1447 	.db #0x00
   0538 20                 1448 	.db #0x20
   0539 00                 1449 	.db #0x00
   053A 00                 1450 	.db #0x00
   053B 87                 1451 	.db #0x87
   053C 1B                 1452 	.db #0x1B
   053D 00                 1453 	.db #0x00
   053E 00                 1454 	.db #0x00
   053F 00                 1455 	.db #0x00
   0540 00                 1456 	.db #0x00
   0541 00                 1457 	.db #0x00
   0542 00                 1458 	.db #0x00
   0543 00                 1459 	.db #0x00
   0544 8B                 1460 	.db #0x8B
   0545 1B                 1461 	.db #0x1B
   0546 88                 1462 	.db #0x88
   0547 0F                 1463 	.db #0x0F
   0548 00                 1464 	.db #0x00
   0549 00                 1465 	.db #0x00
   054A 00                 1466 	.db #0x00
   054B 20                 1467 	.db #0x20
   054C 00                 1468 	.db #0x00
   054D 00                 1469 	.db #0x00
   054E 87                 1470 	.db #0x87
   054F 1B                 1471 	.db #0x1B
   0550 00                 1472 	.db #0x00
   0551 00                 1473 	.db #0x00
   0552 00                 1474 	.db #0x00
   0553 00                 1475 	.db #0x00
   0554 00                 1476 	.db #0x00
   0555 00                 1477 	.db #0x00
   0556 00                 1478 	.db #0x00
   0557 20                 1479 	.db #0x20
   0558 88                 1480 	.db #0x88
   0559 0F                 1481 	.db #0x0F
   055A 00                 1482 	.db #0x00
   055B 00                 1483 	.db #0x00
   055C 00                 1484 	.db #0x00
   055D 20                 1485 	.db #0x20
   055E 00                 1486 	.db #0x00
   055F 00                 1487 	.db #0x00
   0560 80                 1488 	.db #0x80
   0561 1B                 1489 	.db #0x1B
   0562 00                 1490 	.db #0x00
   0563 00                 1491 	.db #0x00
   0564 00                 1492 	.db #0x00
   0565 00                 1493 	.db #0x00
   0566 00                 1494 	.db #0x00
   0567 00                 1495 	.db #0x00
   0568 00                 1496 	.db #0x00
   0569 20                 1497 	.db #0x20
   056A 88                 1498 	.db #0x88
   056B 0F                 1499 	.db #0x0F
   056C 00                 1500 	.db #0x00
   056D 00                 1501 	.db #0x00
   056E 00                 1502 	.db #0x00
   056F 20                 1503 	.db #0x20
   0570 00                 1504 	.db #0x00
   0571 00                 1505 	.db #0x00
   0572 80                 1506 	.db #0x80
   0573 1B                 1507 	.db #0x1B
   0574 00                 1508 	.db #0x00
   0575 00                 1509 	.db #0x00
   0576 00                 1510 	.db #0x00
   0577 00                 1511 	.db #0x00
   0578 00                 1512 	.db #0x00
   0579 00                 1513 	.db #0x00
   057A 00                 1514 	.db #0x00
   057B 20                 1515 	.db #0x20
   057C 88                 1516 	.db #0x88
   057D 0F                 1517 	.db #0x0F
   057E 00                 1518 	.db #0x00
   057F 00                 1519 	.db #0x00
   0580 00                 1520 	.db #0x00
   0581 20                 1521 	.db #0x20
   0582 00                 1522 	.db #0x00
   0583 00                 1523 	.db #0x00
   0584 80                 1524 	.db #0x80
   0585 1B                 1525 	.db #0x1B
   0586 00                 1526 	.db #0x00
   0587 00                 1527 	.db #0x00
   0588 00                 1528 	.db #0x00
   0589 00                 1529 	.db #0x00
   058A 00                 1530 	.db #0x00
   058B 00                 1531 	.db #0x00
   058C 00                 1532 	.db #0x00
   058D 20                 1533 	.db #0x20
   058E 88                 1534 	.db #0x88
   058F 0F                 1535 	.db #0x0F
   0590 00                 1536 	.db #0x00
   0591 00                 1537 	.db #0x00
   0592 00                 1538 	.db #0x00
   0593 20                 1539 	.db #0x20
   0594 00                 1540 	.db #0x00
   0595 00                 1541 	.db #0x00
   0596 00                 1542 	.db #0x00
   0597 00                 1543 	.db #0x00
   0598 00                 1544 	.db #0x00
   0599 00                 1545 	.db #0x00
   059A 00                 1546 	.db #0x00
   059B 00                 1547 	.db #0x00
   059C 00                 1548 	.db #0x00
   059D 00                 1549 	.db #0x00
   059E 00                 1550 	.db #0x00
   059F 88                 1551 	.db #0x88
   05A0 0F                 1552 	.db #0x0F
   05A1 00                 1553 	.db #0x00
   05A2 00                 1554 	.db #0x00
   05A3 00                 1555 	.db #0x00
   05A4 20                 1556 	.db #0x20
   05A5 00                 1557 	.db #0x00
   05A6 00                 1558 	.db #0x00
   05A7 00                 1559 	.db #0x00
   05A8 00                 1560 	.db #0x00
   05A9 00                 1561 	.db #0x00
   05AA 00                 1562 	.db #0x00
   05AB 00                 1563 	.db #0x00
   05AC 00                 1564 	.db #0x00
ASxxxx Assembler V01.75  (GameBoy Z80-like CPU), page 1.

Symbol Table

  9 _song0                             0000 GR
  9 _song1                             0124 GR
  9 _song2                             0245 GR
  9 _song3                             0345 GR
  9 _song4                             0485 GR
  1 _song_Data                         0000 GR

ASxxxx Assembler V01.75  (GameBoy Z80-like CPU), page 2.

Area Table

   0 _CODE                              size    0   flags 0
   1 _DATA                              size    A   flags 0
   2 _OVERLAY                           size    0   flags 0
   3 _ISEG                              size    0   flags 0
   4 _BSEG                              size    0   flags 0
   5 _XSEG                              size    0   flags 0
   6 _GSINIT                            size   32   flags 0
   7 _GSFINAL                           size    0   flags 0
   8 _HOME                              size    0   flags 0
   9 _CODE_2                            size  5AD   flags 0
