                              1 ;--------------------------------------------------------
                              2 ; File Created by SDCC : FreeWare ANSI-C Compiler
                              3 ; Version 2.2.1 Sun Feb 02 06:04:17 2020
                              4 
                              5 ;--------------------------------------------------------
                              6 	.module lcc54600
                              7 	
                              8 ;--------------------------------------------------------
                              9 ; Public variables in this module
                             10 ;--------------------------------------------------------
                             11 	.globl _SmallBreakMap
                             12 	.globl _SmallBreakTiles
                             13 ;--------------------------------------------------------
                             14 ; Externals used
                             15 ;--------------------------------------------------------
                             16 ;--------------------------------------------------------
                             17 ; special function registers
                             18 ;--------------------------------------------------------
                             19 ;--------------------------------------------------------
                             20 ; special function bits 
                             21 ;--------------------------------------------------------
                             22 ;--------------------------------------------------------
                             23 ; internal ram data
                             24 ;--------------------------------------------------------
                             25 	.area _DATA
                             26 ;--------------------------------------------------------
                             27 ; overlayable items in internal ram 
                             28 ;--------------------------------------------------------
                             29 	.area _OVERLAY
                             30 ;--------------------------------------------------------
                             31 ; indirectly addressable internal ram data
                             32 ;--------------------------------------------------------
                             33 	.area _ISEG
                             34 ;--------------------------------------------------------
                             35 ; bit data
                             36 ;--------------------------------------------------------
                             37 	.area _BSEG
                             38 ;--------------------------------------------------------
                             39 ; external ram data
                             40 ;--------------------------------------------------------
                             41 	.area _XSEG
                             42 ;--------------------------------------------------------
                             43 ; global & static initialisations
                             44 ;--------------------------------------------------------
                             45 	.area _GSINIT
                             46 	.area _GSFINAL
                             47 	.area _GSINIT
                             48 ;--------------------------------------------------------
                             49 ; Home
                             50 ;--------------------------------------------------------
                             51 	.area _HOME
                             52 	.area _CODE_4
                             53 ;--------------------------------------------------------
                             54 ; code
                             55 ;--------------------------------------------------------
                             56 	.area _CODE_4
                             57 	.area _CODE_4
   0000                      58 _SmallBreakTiles:
   0000 FF                   59 	.db #0xFF
   0001 00                   60 	.db #0x00
   0002 FF                   61 	.db #0xFF
   0003 00                   62 	.db #0x00
   0004 FF                   63 	.db #0xFF
   0005 00                   64 	.db #0x00
   0006 FF                   65 	.db #0xFF
   0007 00                   66 	.db #0x00
   0008 FF                   67 	.db #0xFF
   0009 00                   68 	.db #0x00
   000A FF                   69 	.db #0xFF
   000B 00                   70 	.db #0x00
   000C FF                   71 	.db #0xFF
   000D 00                   72 	.db #0x00
   000E FF                   73 	.db #0xFF
   000F 00                   74 	.db #0x00
   0010 FF                   75 	.db #0xFF
   0011 00                   76 	.db #0x00
   0012 FF                   77 	.db #0xFF
   0013 00                   78 	.db #0x00
   0014 FF                   79 	.db #0xFF
   0015 00                   80 	.db #0x00
   0016 FF                   81 	.db #0xFF
   0017 00                   82 	.db #0x00
   0018 FF                   83 	.db #0xFF
   0019 00                   84 	.db #0x00
   001A FF                   85 	.db #0xFF
   001B 00                   86 	.db #0x00
   001C FF                   87 	.db #0xFF
   001D 00                   88 	.db #0x00
   001E FF                   89 	.db #0xFF
   001F 10                   90 	.db #0x10
   0020 FF                   91 	.db #0xFF
   0021 FC                   92 	.db #0xFC
   0022 FF                   93 	.db #0xFF
   0023 06                   94 	.db #0x06
   0024 FF                   95 	.db #0xFF
   0025 CA                   96 	.db #0xCA
   0026 FF                   97 	.db #0xFF
   0027 70                   98 	.db #0x70
   0028 FF                   99 	.db #0xFF
   0029 48                  100 	.db #0x48
   002A FF                  101 	.db #0xFF
   002B 4A                  102 	.db #0x4A
   002C FF                  103 	.db #0xFF
   002D 1C                  104 	.db #0x1C
   002E FF                  105 	.db #0xFF
   002F 00                  106 	.db #0x00
   0030                     107 _SmallBreakMap:
   0030 01                  108 	.db #0x01
   0031 02                  109 	.db #0x02
   0032 01                  110 	.db #0x01
   0033 01                  111 	.db #0x01
   0034 03                  112 	.db #0x03
   0035 01                  113 	.db #0x01
   0036 01                  114 	.db #0x01
   0037 01                  115 	.db #0x01
   0038 01                  116 	.db #0x01
ASxxxx Assembler V01.75  (GameBoy Z80-like CPU), page 1.

Symbol Table

  9 _SmallBreakMap                     0030 GR
  9 _SmallBreakTiles                   0000 GR

ASxxxx Assembler V01.75  (GameBoy Z80-like CPU), page 2.

Area Table

   0 _CODE                              size    0   flags 0
   1 _DATA                              size    0   flags 0
   2 _OVERLAY                           size    0   flags 0
   3 _ISEG                              size    0   flags 0
   4 _BSEG                              size    0   flags 0
   5 _XSEG                              size    0   flags 0
   6 _GSINIT                            size    0   flags 0
   7 _GSFINAL                           size    0   flags 0
   8 _HOME                              size    0   flags 0
   9 _CODE_4                            size   39   flags 0
