                              1 ;--------------------------------------------------------
                              2 ; File Created by SDCC : FreeWare ANSI-C Compiler
                              3 ; Version 2.2.1 Sun Feb 02 14:05:02 2020
                              4 
                              5 ;--------------------------------------------------------
                              6 	.module lcc154960
                              7 	
                              8 ;--------------------------------------------------------
                              9 ; Public variables in this module
                             10 ;--------------------------------------------------------
                             11 	.globl _song1
                             12 	.globl _song0
                             13 ;--------------------------------------------------------
                             14 ; Externals used
                             15 ;--------------------------------------------------------
                             16 ;--------------------------------------------------------
                             17 ; special function registers
                             18 ;--------------------------------------------------------
                             19 ;--------------------------------------------------------
                             20 ; special function bits 
                             21 ;--------------------------------------------------------
                             22 ;--------------------------------------------------------
                             23 ; internal ram data
                             24 ;--------------------------------------------------------
                             25 	.area _DATA
   0000                      26 _song_Data::
   0000                      27 	.ds 6
                             28 ;--------------------------------------------------------
                             29 ; overlayable items in internal ram 
                             30 ;--------------------------------------------------------
                             31 	.area _OVERLAY
                             32 ;--------------------------------------------------------
                             33 ; indirectly addressable internal ram data
                             34 ;--------------------------------------------------------
                             35 	.area _ISEG
                             36 ;--------------------------------------------------------
                             37 ; bit data
                             38 ;--------------------------------------------------------
                             39 	.area _BSEG
                             40 ;--------------------------------------------------------
                             41 ; external ram data
                             42 ;--------------------------------------------------------
                             43 	.area _XSEG
                             44 ;--------------------------------------------------------
                             45 ; global & static initialisations
                             46 ;--------------------------------------------------------
                             47 	.area _GSINIT
                             48 	.area _GSFINAL
                             49 	.area _GSINIT
                             50 ;	game/banks/music.c 141
                             51 ; genAssign (pointer)
   0000 11 00 00             52 	ld	de,#_song_Data + 0
   0003 3E 00                53 	ld	a,#<_song0
   0005 12                   54 	ld	(de),a
   0006 13                   55 	inc	de
   0007 3E 00                56 	ld	a,#>_song0
   0009 12                   57 	ld	(de),a
                             58 ; genPlus
                             59 ; genPlusIncr
   000A 11 02 00             60 	ld	de,#_song_Data + 0 + 2
                             61 ; genAssign (pointer)
   000D 3E 24                62 	ld	a,#<_song1
   000F 12                   63 	ld	(de),a
   0010 13                   64 	inc	de
   0011 3E 01                65 	ld	a,#>_song1
   0013 12                   66 	ld	(de),a
                             67 ; genPlus
                             68 ; genPlusIncr
   0014 11 04 00             69 	ld	de,#_song_Data + 0 + 4
                             70 ; genAssign (pointer)
   0017 3E 00                71 	ld	a,#0x00
   0019 12                   72 	ld	(de),a
   001A 13                   73 	inc	de
   001B 3E 00                74 	ld	a,#0x00
   001D 12                   75 	ld	(de),a
                             76 ;--------------------------------------------------------
                             77 ; Home
                             78 ;--------------------------------------------------------
                             79 	.area _HOME
                             80 	.area _CODE
                             81 ;--------------------------------------------------------
                             82 ; code
                             83 ;--------------------------------------------------------
                             84 	.area _CODE_2
                             85 	.area _CODE_2
   0000                      86 _song0:
   0000 00                   87 	.db #0x00
   0001 00                   88 	.db #0x00
   0002 82                   89 	.db #0x82
   0003 1B                   90 	.db #0x1B
   0004 8F                   91 	.db #0x8F
   0005 07                   92 	.db #0x07
   0006 00                   93 	.db #0x00
   0007 00                   94 	.db #0x00
   0008 00                   95 	.db #0x00
   0009 20                   96 	.db #0x20
   000A 00                   97 	.db #0x00
   000B 00                   98 	.db #0x00
   000C 00                   99 	.db #0x00
   000D 00                  100 	.db #0x00
   000E 00                  101 	.db #0x00
   000F 00                  102 	.db #0x00
   0010 20                  103 	.db #0x20
   0011 00                  104 	.db #0x00
   0012 00                  105 	.db #0x00
   0013 00                  106 	.db #0x00
   0014 00                  107 	.db #0x00
   0015 8F                  108 	.db #0x8F
   0016 07                  109 	.db #0x07
   0017 00                  110 	.db #0x00
   0018 00                  111 	.db #0x00
   0019 00                  112 	.db #0x00
   001A 20                  113 	.db #0x20
   001B 00                  114 	.db #0x00
   001C 00                  115 	.db #0x00
   001D 82                  116 	.db #0x82
   001E 1B                  117 	.db #0x1B
   001F 00                  118 	.db #0x00
   0020 00                  119 	.db #0x00
   0021 00                  120 	.db #0x00
   0022 00                  121 	.db #0x00
   0023 00                  122 	.db #0x00
   0024 00                  123 	.db #0x00
   0025 00                  124 	.db #0x00
   0026 85                  125 	.db #0x85
   0027 1B                  126 	.db #0x1B
   0028 8F                  127 	.db #0x8F
   0029 07                  128 	.db #0x07
   002A 00                  129 	.db #0x00
   002B 00                  130 	.db #0x00
   002C 00                  131 	.db #0x00
   002D 20                  132 	.db #0x20
   002E 00                  133 	.db #0x00
   002F 00                  134 	.db #0x00
   0030 82                  135 	.db #0x82
   0031 1B                  136 	.db #0x1B
   0032 00                  137 	.db #0x00
   0033 00                  138 	.db #0x00
   0034 00                  139 	.db #0x00
   0035 00                  140 	.db #0x00
   0036 00                  141 	.db #0x00
   0037 00                  142 	.db #0x00
   0038 00                  143 	.db #0x00
   0039 20                  144 	.db #0x20
   003A 8F                  145 	.db #0x8F
   003B 07                  146 	.db #0x07
   003C 00                  147 	.db #0x00
   003D 00                  148 	.db #0x00
   003E 00                  149 	.db #0x00
   003F 20                  150 	.db #0x20
   0040 00                  151 	.db #0x00
   0041 00                  152 	.db #0x00
   0042 82                  153 	.db #0x82
   0043 1B                  154 	.db #0x1B
   0044 00                  155 	.db #0x00
   0045 00                  156 	.db #0x00
   0046 00                  157 	.db #0x00
   0047 00                  158 	.db #0x00
   0048 00                  159 	.db #0x00
   0049 00                  160 	.db #0x00
   004A 00                  161 	.db #0x00
   004B 20                  162 	.db #0x20
   004C 8F                  163 	.db #0x8F
   004D 07                  164 	.db #0x07
   004E 00                  165 	.db #0x00
   004F 00                  166 	.db #0x00
   0050 00                  167 	.db #0x00
   0051 20                  168 	.db #0x20
   0052 00                  169 	.db #0x00
   0053 00                  170 	.db #0x00
   0054 82                  171 	.db #0x82
   0055 1B                  172 	.db #0x1B
   0056 00                  173 	.db #0x00
   0057 00                  174 	.db #0x00
   0058 00                  175 	.db #0x00
   0059 00                  176 	.db #0x00
   005A 00                  177 	.db #0x00
   005B 00                  178 	.db #0x00
   005C 00                  179 	.db #0x00
   005D 20                  180 	.db #0x20
   005E 8F                  181 	.db #0x8F
   005F 07                  182 	.db #0x07
   0060 00                  183 	.db #0x00
   0061 00                  184 	.db #0x00
   0062 00                  185 	.db #0x00
   0063 20                  186 	.db #0x20
   0064 00                  187 	.db #0x00
   0065 00                  188 	.db #0x00
   0066 82                  189 	.db #0x82
   0067 1B                  190 	.db #0x1B
   0068 00                  191 	.db #0x00
   0069 00                  192 	.db #0x00
   006A 00                  193 	.db #0x00
   006B 00                  194 	.db #0x00
   006C 00                  195 	.db #0x00
   006D 00                  196 	.db #0x00
   006E 00                  197 	.db #0x00
   006F 85                  198 	.db #0x85
   0070 1B                  199 	.db #0x1B
   0071 8F                  200 	.db #0x8F
   0072 07                  201 	.db #0x07
   0073 00                  202 	.db #0x00
   0074 00                  203 	.db #0x00
   0075 00                  204 	.db #0x00
   0076 20                  205 	.db #0x20
   0077 00                  206 	.db #0x00
   0078 00                  207 	.db #0x00
   0079 82                  208 	.db #0x82
   007A 1B                  209 	.db #0x1B
   007B 00                  210 	.db #0x00
   007C 00                  211 	.db #0x00
   007D 00                  212 	.db #0x00
   007E 00                  213 	.db #0x00
   007F 00                  214 	.db #0x00
   0080 00                  215 	.db #0x00
   0081 00                  216 	.db #0x00
   0082 80                  217 	.db #0x80
   0083 1B                  218 	.db #0x1B
   0084 8F                  219 	.db #0x8F
   0085 07                  220 	.db #0x07
   0086 00                  221 	.db #0x00
   0087 00                  222 	.db #0x00
   0088 00                  223 	.db #0x00
   0089 20                  224 	.db #0x20
   008A 00                  225 	.db #0x00
   008B 00                  226 	.db #0x00
   008C 00                  227 	.db #0x00
   008D 00                  228 	.db #0x00
   008E 00                  229 	.db #0x00
   008F 00                  230 	.db #0x00
   0090 20                  231 	.db #0x20
   0091 00                  232 	.db #0x00
   0092 00                  233 	.db #0x00
   0093 00                  234 	.db #0x00
   0094 82                  235 	.db #0x82
   0095 1B                  236 	.db #0x1B
   0096 8F                  237 	.db #0x8F
   0097 07                  238 	.db #0x07
   0098 00                  239 	.db #0x00
   0099 00                  240 	.db #0x00
   009A 00                  241 	.db #0x00
   009B 20                  242 	.db #0x20
   009C 00                  243 	.db #0x00
   009D 00                  244 	.db #0x00
   009E 00                  245 	.db #0x00
   009F 00                  246 	.db #0x00
   00A0 00                  247 	.db #0x00
   00A1 00                  248 	.db #0x00
   00A2 20                  249 	.db #0x20
   00A3 00                  250 	.db #0x00
   00A4 00                  251 	.db #0x00
   00A5 00                  252 	.db #0x00
   00A6 00                  253 	.db #0x00
   00A7 8F                  254 	.db #0x8F
   00A8 07                  255 	.db #0x07
   00A9 00                  256 	.db #0x00
   00AA 00                  257 	.db #0x00
   00AB 00                  258 	.db #0x00
   00AC 20                  259 	.db #0x20
   00AD 00                  260 	.db #0x00
   00AE 00                  261 	.db #0x00
   00AF 82                  262 	.db #0x82
   00B0 1B                  263 	.db #0x1B
   00B1 00                  264 	.db #0x00
   00B2 00                  265 	.db #0x00
   00B3 00                  266 	.db #0x00
   00B4 00                  267 	.db #0x00
   00B5 00                  268 	.db #0x00
   00B6 00                  269 	.db #0x00
   00B7 00                  270 	.db #0x00
   00B8 85                  271 	.db #0x85
   00B9 1B                  272 	.db #0x1B
   00BA 8F                  273 	.db #0x8F
   00BB 07                  274 	.db #0x07
   00BC 00                  275 	.db #0x00
   00BD 00                  276 	.db #0x00
   00BE 00                  277 	.db #0x00
   00BF 20                  278 	.db #0x20
   00C0 00                  279 	.db #0x00
   00C1 00                  280 	.db #0x00
   00C2 82                  281 	.db #0x82
   00C3 1B                  282 	.db #0x1B
   00C4 00                  283 	.db #0x00
   00C5 00                  284 	.db #0x00
   00C6 00                  285 	.db #0x00
   00C7 00                  286 	.db #0x00
   00C8 00                  287 	.db #0x00
   00C9 00                  288 	.db #0x00
   00CA 00                  289 	.db #0x00
   00CB 20                  290 	.db #0x20
   00CC 8F                  291 	.db #0x8F
   00CD 07                  292 	.db #0x07
   00CE 00                  293 	.db #0x00
   00CF 00                  294 	.db #0x00
   00D0 00                  295 	.db #0x00
   00D1 20                  296 	.db #0x20
   00D2 00                  297 	.db #0x00
   00D3 00                  298 	.db #0x00
   00D4 82                  299 	.db #0x82
   00D5 1B                  300 	.db #0x1B
   00D6 00                  301 	.db #0x00
   00D7 00                  302 	.db #0x00
   00D8 00                  303 	.db #0x00
   00D9 00                  304 	.db #0x00
   00DA 00                  305 	.db #0x00
   00DB 00                  306 	.db #0x00
   00DC 00                  307 	.db #0x00
   00DD 20                  308 	.db #0x20
   00DE 8F                  309 	.db #0x8F
   00DF 07                  310 	.db #0x07
   00E0 00                  311 	.db #0x00
   00E1 00                  312 	.db #0x00
   00E2 00                  313 	.db #0x00
   00E3 20                  314 	.db #0x20
   00E4 00                  315 	.db #0x00
   00E5 00                  316 	.db #0x00
   00E6 82                  317 	.db #0x82
   00E7 1B                  318 	.db #0x1B
   00E8 00                  319 	.db #0x00
   00E9 00                  320 	.db #0x00
   00EA 00                  321 	.db #0x00
   00EB 00                  322 	.db #0x00
   00EC 00                  323 	.db #0x00
   00ED 00                  324 	.db #0x00
   00EE 00                  325 	.db #0x00
   00EF 20                  326 	.db #0x20
   00F0 8F                  327 	.db #0x8F
   00F1 07                  328 	.db #0x07
   00F2 00                  329 	.db #0x00
   00F3 00                  330 	.db #0x00
   00F4 00                  331 	.db #0x00
   00F5 20                  332 	.db #0x20
   00F6 00                  333 	.db #0x00
   00F7 00                  334 	.db #0x00
   00F8 82                  335 	.db #0x82
   00F9 1B                  336 	.db #0x1B
   00FA 00                  337 	.db #0x00
   00FB 00                  338 	.db #0x00
   00FC 00                  339 	.db #0x00
   00FD 00                  340 	.db #0x00
   00FE 00                  341 	.db #0x00
   00FF 00                  342 	.db #0x00
   0100 00                  343 	.db #0x00
   0101 85                  344 	.db #0x85
   0102 1B                  345 	.db #0x1B
   0103 8F                  346 	.db #0x8F
   0104 07                  347 	.db #0x07
   0105 00                  348 	.db #0x00
   0106 00                  349 	.db #0x00
   0107 00                  350 	.db #0x00
   0108 20                  351 	.db #0x20
   0109 00                  352 	.db #0x00
   010A 00                  353 	.db #0x00
   010B 82                  354 	.db #0x82
   010C 1B                  355 	.db #0x1B
   010D 00                  356 	.db #0x00
   010E 00                  357 	.db #0x00
   010F 00                  358 	.db #0x00
   0110 00                  359 	.db #0x00
   0111 00                  360 	.db #0x00
   0112 00                  361 	.db #0x00
   0113 00                  362 	.db #0x00
   0114 80                  363 	.db #0x80
   0115 1B                  364 	.db #0x1B
   0116 8F                  365 	.db #0x8F
   0117 07                  366 	.db #0x07
   0118 00                  367 	.db #0x00
   0119 00                  368 	.db #0x00
   011A 00                  369 	.db #0x00
   011B 20                  370 	.db #0x20
   011C 00                  371 	.db #0x00
   011D 00                  372 	.db #0x00
   011E 00                  373 	.db #0x00
   011F 00                  374 	.db #0x00
   0120 00                  375 	.db #0x00
   0121 00                  376 	.db #0x00
   0122 20                  377 	.db #0x20
   0123 00                  378 	.db #0x00
   0124                     379 _song1:
   0124 00                  380 	.db #0x00
   0125 00                  381 	.db #0x00
   0126 87                  382 	.db #0x87
   0127 1B                  383 	.db #0x1B
   0128 8F                  384 	.db #0x8F
   0129 07                  385 	.db #0x07
   012A 00                  386 	.db #0x00
   012B 00                  387 	.db #0x00
   012C 00                  388 	.db #0x00
   012D 20                  389 	.db #0x20
   012E 00                  390 	.db #0x00
   012F 00                  391 	.db #0x00
   0130 00                  392 	.db #0x00
   0131 00                  393 	.db #0x00
   0132 00                  394 	.db #0x00
   0133 00                  395 	.db #0x00
   0134 20                  396 	.db #0x20
   0135 00                  397 	.db #0x00
   0136 00                  398 	.db #0x00
   0137 00                  399 	.db #0x00
   0138 00                  400 	.db #0x00
   0139 8F                  401 	.db #0x8F
   013A 07                  402 	.db #0x07
   013B 00                  403 	.db #0x00
   013C 00                  404 	.db #0x00
   013D 00                  405 	.db #0x00
   013E 20                  406 	.db #0x20
   013F 00                  407 	.db #0x00
   0140 00                  408 	.db #0x00
   0141 87                  409 	.db #0x87
   0142 1B                  410 	.db #0x1B
   0143 00                  411 	.db #0x00
   0144 00                  412 	.db #0x00
   0145 00                  413 	.db #0x00
   0146 00                  414 	.db #0x00
   0147 00                  415 	.db #0x00
   0148 00                  416 	.db #0x00
   0149 00                  417 	.db #0x00
   014A 8A                  418 	.db #0x8A
   014B 1B                  419 	.db #0x1B
   014C 8F                  420 	.db #0x8F
   014D 07                  421 	.db #0x07
   014E 00                  422 	.db #0x00
   014F 00                  423 	.db #0x00
   0150 00                  424 	.db #0x00
   0151 20                  425 	.db #0x20
   0152 00                  426 	.db #0x00
   0153 00                  427 	.db #0x00
   0154 87                  428 	.db #0x87
   0155 1B                  429 	.db #0x1B
   0156 00                  430 	.db #0x00
   0157 00                  431 	.db #0x00
   0158 00                  432 	.db #0x00
   0159 00                  433 	.db #0x00
   015A 00                  434 	.db #0x00
   015B 00                  435 	.db #0x00
   015C 00                  436 	.db #0x00
   015D 20                  437 	.db #0x20
   015E 8F                  438 	.db #0x8F
   015F 07                  439 	.db #0x07
   0160 00                  440 	.db #0x00
   0161 00                  441 	.db #0x00
   0162 00                  442 	.db #0x00
   0163 20                  443 	.db #0x20
   0164 00                  444 	.db #0x00
   0165 00                  445 	.db #0x00
   0166 87                  446 	.db #0x87
   0167 1B                  447 	.db #0x1B
   0168 00                  448 	.db #0x00
   0169 00                  449 	.db #0x00
   016A 00                  450 	.db #0x00
   016B 00                  451 	.db #0x00
   016C 00                  452 	.db #0x00
   016D 00                  453 	.db #0x00
   016E 00                  454 	.db #0x00
   016F 20                  455 	.db #0x20
   0170 8F                  456 	.db #0x8F
   0171 07                  457 	.db #0x07
   0172 00                  458 	.db #0x00
   0173 00                  459 	.db #0x00
   0174 00                  460 	.db #0x00
   0175 20                  461 	.db #0x20
   0176 00                  462 	.db #0x00
   0177 00                  463 	.db #0x00
   0178 87                  464 	.db #0x87
   0179 1B                  465 	.db #0x1B
   017A 00                  466 	.db #0x00
   017B 00                  467 	.db #0x00
   017C 00                  468 	.db #0x00
   017D 00                  469 	.db #0x00
   017E 00                  470 	.db #0x00
   017F 00                  471 	.db #0x00
   0180 00                  472 	.db #0x00
   0181 20                  473 	.db #0x20
   0182 8F                  474 	.db #0x8F
   0183 07                  475 	.db #0x07
   0184 00                  476 	.db #0x00
   0185 00                  477 	.db #0x00
   0186 00                  478 	.db #0x00
   0187 20                  479 	.db #0x20
   0188 00                  480 	.db #0x00
   0189 00                  481 	.db #0x00
   018A 87                  482 	.db #0x87
   018B 1B                  483 	.db #0x1B
   018C 00                  484 	.db #0x00
   018D 00                  485 	.db #0x00
   018E 00                  486 	.db #0x00
   018F 00                  487 	.db #0x00
   0190 00                  488 	.db #0x00
   0191 00                  489 	.db #0x00
   0192 00                  490 	.db #0x00
   0193 8A                  491 	.db #0x8A
   0194 1B                  492 	.db #0x1B
   0195 8F                  493 	.db #0x8F
   0196 07                  494 	.db #0x07
   0197 00                  495 	.db #0x00
   0198 00                  496 	.db #0x00
   0199 00                  497 	.db #0x00
   019A 20                  498 	.db #0x20
   019B 00                  499 	.db #0x00
   019C 00                  500 	.db #0x00
   019D 87                  501 	.db #0x87
   019E 1B                  502 	.db #0x1B
   019F 00                  503 	.db #0x00
   01A0 00                  504 	.db #0x00
   01A1 00                  505 	.db #0x00
   01A2 00                  506 	.db #0x00
   01A3 00                  507 	.db #0x00
   01A4 00                  508 	.db #0x00
   01A5 00                  509 	.db #0x00
   01A6 8E                  510 	.db #0x8E
   01A7 1B                  511 	.db #0x1B
   01A8 8F                  512 	.db #0x8F
   01A9 07                  513 	.db #0x07
   01AA 00                  514 	.db #0x00
   01AB 00                  515 	.db #0x00
   01AC 00                  516 	.db #0x00
   01AD 20                  517 	.db #0x20
   01AE 00                  518 	.db #0x00
   01AF 00                  519 	.db #0x00
   01B0 00                  520 	.db #0x00
   01B1 00                  521 	.db #0x00
   01B2 00                  522 	.db #0x00
   01B3 00                  523 	.db #0x00
   01B4 20                  524 	.db #0x20
   01B5 00                  525 	.db #0x00
   01B6 00                  526 	.db #0x00
   01B7 00                  527 	.db #0x00
   01B8 89                  528 	.db #0x89
   01B9 1B                  529 	.db #0x1B
   01BA 8F                  530 	.db #0x8F
   01BB 07                  531 	.db #0x07
   01BC 00                  532 	.db #0x00
   01BD 00                  533 	.db #0x00
   01BE 00                  534 	.db #0x00
   01BF 20                  535 	.db #0x20
   01C0 00                  536 	.db #0x00
   01C1 00                  537 	.db #0x00
   01C2 00                  538 	.db #0x00
   01C3 00                  539 	.db #0x00
   01C4 00                  540 	.db #0x00
   01C5 00                  541 	.db #0x00
   01C6 20                  542 	.db #0x20
   01C7 00                  543 	.db #0x00
   01C8 00                  544 	.db #0x00
   01C9 00                  545 	.db #0x00
   01CA 00                  546 	.db #0x00
   01CB 8F                  547 	.db #0x8F
   01CC 07                  548 	.db #0x07
   01CD 00                  549 	.db #0x00
   01CE 00                  550 	.db #0x00
   01CF 00                  551 	.db #0x00
   01D0 20                  552 	.db #0x20
   01D1 00                  553 	.db #0x00
   01D2 00                  554 	.db #0x00
   01D3 89                  555 	.db #0x89
   01D4 1B                  556 	.db #0x1B
   01D5 00                  557 	.db #0x00
   01D6 00                  558 	.db #0x00
   01D7 00                  559 	.db #0x00
   01D8 00                  560 	.db #0x00
   01D9 00                  561 	.db #0x00
   01DA 00                  562 	.db #0x00
   01DB 00                  563 	.db #0x00
   01DC 8D                  564 	.db #0x8D
   01DD 1B                  565 	.db #0x1B
   01DE 8F                  566 	.db #0x8F
   01DF 07                  567 	.db #0x07
   01E0 00                  568 	.db #0x00
   01E1 00                  569 	.db #0x00
   01E2 00                  570 	.db #0x00
   01E3 20                  571 	.db #0x20
   01E4 00                  572 	.db #0x00
   01E5 00                  573 	.db #0x00
   01E6 89                  574 	.db #0x89
   01E7 1B                  575 	.db #0x1B
   01E8 00                  576 	.db #0x00
   01E9 00                  577 	.db #0x00
   01EA 00                  578 	.db #0x00
   01EB 00                  579 	.db #0x00
   01EC 00                  580 	.db #0x00
   01ED 00                  581 	.db #0x00
   01EE 00                  582 	.db #0x00
   01EF 20                  583 	.db #0x20
   01F0 8F                  584 	.db #0x8F
   01F1 07                  585 	.db #0x07
   01F2 00                  586 	.db #0x00
   01F3 00                  587 	.db #0x00
   01F4 00                  588 	.db #0x00
   01F5 20                  589 	.db #0x20
   01F6 00                  590 	.db #0x00
   01F7 00                  591 	.db #0x00
   01F8 81                  592 	.db #0x81
   01F9 1B                  593 	.db #0x1B
   01FA 00                  594 	.db #0x00
   01FB 00                  595 	.db #0x00
   01FC 00                  596 	.db #0x00
   01FD 00                  597 	.db #0x00
   01FE 00                  598 	.db #0x00
   01FF 00                  599 	.db #0x00
   0200 00                  600 	.db #0x00
   0201 20                  601 	.db #0x20
   0202 8F                  602 	.db #0x8F
   0203 07                  603 	.db #0x07
   0204 00                  604 	.db #0x00
   0205 00                  605 	.db #0x00
   0206 00                  606 	.db #0x00
   0207 20                  607 	.db #0x20
   0208 00                  608 	.db #0x00
   0209 00                  609 	.db #0x00
   020A 81                  610 	.db #0x81
   020B 1B                  611 	.db #0x1B
   020C 00                  612 	.db #0x00
   020D 00                  613 	.db #0x00
   020E 00                  614 	.db #0x00
   020F 00                  615 	.db #0x00
   0210 00                  616 	.db #0x00
   0211 00                  617 	.db #0x00
   0212 00                  618 	.db #0x00
   0213 20                  619 	.db #0x20
   0214 8F                  620 	.db #0x8F
   0215 07                  621 	.db #0x07
   0216 00                  622 	.db #0x00
   0217 00                  623 	.db #0x00
   0218 00                  624 	.db #0x00
   0219 20                  625 	.db #0x20
   021A 00                  626 	.db #0x00
   021B 00                  627 	.db #0x00
   021C 81                  628 	.db #0x81
   021D 1B                  629 	.db #0x1B
   021E 00                  630 	.db #0x00
   021F 00                  631 	.db #0x00
   0220 00                  632 	.db #0x00
   0221 00                  633 	.db #0x00
   0222 00                  634 	.db #0x00
   0223 00                  635 	.db #0x00
   0224 00                  636 	.db #0x00
   0225 20                  637 	.db #0x20
   0226 8F                  638 	.db #0x8F
   0227 07                  639 	.db #0x07
   0228 00                  640 	.db #0x00
   0229 00                  641 	.db #0x00
   022A 00                  642 	.db #0x00
   022B 20                  643 	.db #0x20
   022C 00                  644 	.db #0x00
   022D 00                  645 	.db #0x00
   022E 00                  646 	.db #0x00
   022F 00                  647 	.db #0x00
   0230 00                  648 	.db #0x00
   0231 00                  649 	.db #0x00
   0232 00                  650 	.db #0x00
   0233 00                  651 	.db #0x00
   0234 00                  652 	.db #0x00
   0235 00                  653 	.db #0x00
   0236 00                  654 	.db #0x00
   0237 8F                  655 	.db #0x8F
   0238 07                  656 	.db #0x07
   0239 00                  657 	.db #0x00
   023A 00                  658 	.db #0x00
   023B 00                  659 	.db #0x00
   023C 20                  660 	.db #0x20
   023D 00                  661 	.db #0x00
   023E 00                  662 	.db #0x00
   023F 00                  663 	.db #0x00
   0240 00                  664 	.db #0x00
   0241 00                  665 	.db #0x00
   0242 00                  666 	.db #0x00
   0243 00                  667 	.db #0x00
   0244 00                  668 	.db #0x00
ASxxxx Assembler V01.75  (GameBoy Z80-like CPU), page 1.

Symbol Table

  9 _song0                             0000 GR
  9 _song1                             0124 GR
  1 _song_Data                         0000 GR

ASxxxx Assembler V01.75  (GameBoy Z80-like CPU), page 2.

Area Table

   0 _CODE                              size    0   flags 0
   1 _DATA                              size    6   flags 0
   2 _OVERLAY                           size    0   flags 0
   3 _ISEG                              size    0   flags 0
   4 _BSEG                              size    0   flags 0
   5 _XSEG                              size    0   flags 0
   6 _GSINIT                            size   1E   flags 0
   7 _GSFINAL                           size    0   flags 0
   8 _HOME                              size    0   flags 0
   9 _CODE_2                            size  245   flags 0
